{"total": {"lines":{"total":1630,"covered":1298,"skipped":0,"pct":79.63},"statements":{"total":1679,"covered":1328,"skipped":0,"pct":79.09},"functions":{"total":399,"covered":306,"skipped":0,"pct":76.69},"branches":{"total":899,"covered":580,"skipped":0,"pct":64.51},"branchesTrue":{"total":0,"covered":0,"skipped":0,"pct":100}}
,"C:\\Users\\chron\\Desktop\\github\\backup\\Catan-main\\src\\App.tsx": {"lines":{"total":19,"covered":14,"skipped":0,"pct":73.68},"functions":{"total":7,"covered":1,"skipped":0,"pct":14.28},"statements":{"total":22,"covered":14,"skipped":0,"pct":63.63},"branches":{"total":16,"covered":11,"skipped":0,"pct":68.75}}
,"C:\\Users\\chron\\Desktop\\github\\backup\\Catan-main\\src\\components\\AvatarArrowSound.tsx": {"lines":{"total":27,"covered":16,"skipped":0,"pct":59.25},"functions":{"total":7,"covered":4,"skipped":0,"pct":57.14},"statements":{"total":28,"covered":16,"skipped":0,"pct":57.14},"branches":{"total":7,"covered":3,"skipped":0,"pct":42.85}}
,"C:\\Users\\chron\\Desktop\\github\\backup\\Catan-main\\src\\components\\BackgroundMusic.tsx": {"lines":{"total":19,"covered":17,"skipped":0,"pct":89.47},"functions":{"total":4,"covered":3,"skipped":0,"pct":75},"statements":{"total":20,"covered":17,"skipped":0,"pct":85},"branches":{"total":10,"covered":7,"skipped":0,"pct":70}}
,"C:\\Users\\chron\\Desktop\\github\\backup\\Catan-main\\src\\components\\ClickSound.tsx": {"lines":{"total":27,"covered":16,"skipped":0,"pct":59.25},"functions":{"total":7,"covered":4,"skipped":0,"pct":57.14},"statements":{"total":28,"covered":16,"skipped":0,"pct":57.14},"branches":{"total":7,"covered":4,"skipped":0,"pct":57.14}}
,"C:\\Users\\chron\\Desktop\\github\\backup\\Catan-main\\src\\components\\Dice.tsx": {"lines":{"total":72,"covered":29,"skipped":0,"pct":40.27},"functions":{"total":12,"covered":7,"skipped":0,"pct":58.33},"statements":{"total":77,"covered":31,"skipped":0,"pct":40.25},"branches":{"total":26,"covered":7,"skipped":0,"pct":26.92}}
,"C:\\Users\\chron\\Desktop\\github\\backup\\Catan-main\\src\\components\\DiceRoller.tsx": {"lines":{"total":34,"covered":23,"skipped":0,"pct":67.64},"functions":{"total":10,"covered":6,"skipped":0,"pct":60},"statements":{"total":39,"covered":28,"skipped":0,"pct":71.79},"branches":{"total":8,"covered":3,"skipped":0,"pct":37.5}}
,"C:\\Users\\chron\\Desktop\\github\\backup\\Catan-main\\src\\components\\DiscardModal.tsx": {"lines":{"total":31,"covered":15,"skipped":0,"pct":48.38},"functions":{"total":9,"covered":4,"skipped":0,"pct":44.44},"statements":{"total":32,"covered":16,"skipped":0,"pct":50},"branches":{"total":20,"covered":5,"skipped":0,"pct":25}}
,"C:\\Users\\chron\\Desktop\\github\\backup\\Catan-main\\src\\components\\HoverButton.tsx": {"lines":{"total":10,"covered":7,"skipped":0,"pct":70},"functions":{"total":3,"covered":1,"skipped":0,"pct":33.33},"statements":{"total":10,"covered":7,"skipped":0,"pct":70},"branches":{"total":0,"covered":0,"skipped":0,"pct":100}}
,"C:\\Users\\chron\\Desktop\\github\\backup\\Catan-main\\src\\components\\HoverSound.tsx": {"lines":{"total":27,"covered":16,"skipped":0,"pct":59.25},"functions":{"total":7,"covered":4,"skipped":0,"pct":57.14},"statements":{"total":28,"covered":16,"skipped":0,"pct":57.14},"branches":{"total":7,"covered":4,"skipped":0,"pct":57.14}}
,"C:\\Users\\chron\\Desktop\\github\\backup\\Catan-main\\src\\components\\KeyboardSound.tsx": {"lines":{"total":31,"covered":17,"skipped":0,"pct":54.83},"functions":{"total":7,"covered":4,"skipped":0,"pct":57.14},"statements":{"total":32,"covered":17,"skipped":0,"pct":53.12},"branches":{"total":14,"covered":4,"skipped":0,"pct":28.57}}
,"C:\\Users\\chron\\Desktop\\github\\backup\\Catan-main\\src\\components\\Menu.tsx": {"lines":{"total":13,"covered":11,"skipped":0,"pct":84.61},"functions":{"total":5,"covered":2,"skipped":0,"pct":40},"statements":{"total":13,"covered":11,"skipped":0,"pct":84.61},"branches":{"total":0,"covered":0,"skipped":0,"pct":100}}
,"C:\\Users\\chron\\Desktop\\github\\backup\\Catan-main\\src\\components\\PlayerSelection.tsx": {"lines":{"total":44,"covered":22,"skipped":0,"pct":50},"functions":{"total":21,"covered":4,"skipped":0,"pct":19.04},"statements":{"total":47,"covered":22,"skipped":0,"pct":46.8},"branches":{"total":14,"covered":4,"skipped":0,"pct":28.57}}
,"C:\\Users\\chron\\Desktop\\github\\backup\\Catan-main\\src\\components\\RobberVictimModal.tsx": {"lines":{"total":7,"covered":7,"skipped":0,"pct":100},"functions":{"total":3,"covered":3,"skipped":0,"pct":100},"statements":{"total":8,"covered":8,"skipped":0,"pct":100},"branches":{"total":4,"covered":4,"skipped":0,"pct":100}}
,"C:\\Users\\chron\\Desktop\\github\\backup\\Catan-main\\src\\components\\TradeModal.tsx": {"lines":{"total":53,"covered":25,"skipped":0,"pct":47.16},"functions":{"total":26,"covered":7,"skipped":0,"pct":26.92},"statements":{"total":57,"covered":27,"skipped":0,"pct":47.36},"branches":{"total":39,"covered":14,"skipped":0,"pct":35.89}}
,"C:\\Users\\chron\\Desktop\\github\\backup\\Catan-main\\src\\components\\index.ts": {"lines":{"total":5,"covered":5,"skipped":0,"pct":100},"functions":{"total":5,"covered":2,"skipped":0,"pct":40},"statements":{"total":10,"covered":10,"skipped":0,"pct":100},"branches":{"total":0,"covered":0,"skipped":0,"pct":100}}
,"C:\\Users\\chron\\Desktop\\github\\backup\\Catan-main\\src\\core\\Hex.ts": {"lines":{"total":7,"covered":7,"skipped":0,"pct":100},"functions":{"total":2,"covered":2,"skipped":0,"pct":100},"statements":{"total":7,"covered":7,"skipped":0,"pct":100},"branches":{"total":0,"covered":0,"skipped":0,"pct":100}}
,"C:\\Users\\chron\\Desktop\\github\\backup\\Catan-main\\src\\core\\board\\Board.ts": {"lines":{"total":225,"covered":213,"skipped":0,"pct":94.66},"functions":{"total":63,"covered":63,"skipped":0,"pct":100},"statements":{"total":234,"covered":222,"skipped":0,"pct":94.87},"branches":{"total":93,"covered":82,"skipped":0,"pct":88.17}}
,"C:\\Users\\chron\\Desktop\\github\\backup\\Catan-main\\src\\core\\board\\Harbor.ts": {"lines":{"total":4,"covered":4,"skipped":0,"pct":100},"functions":{"total":2,"covered":2,"skipped":0,"pct":100},"statements":{"total":4,"covered":4,"skipped":0,"pct":100},"branches":{"total":2,"covered":2,"skipped":0,"pct":100}}
,"C:\\Users\\chron\\Desktop\\github\\backup\\Catan-main\\src\\core\\board\\Road.ts": {"lines":{"total":7,"covered":7,"skipped":0,"pct":100},"functions":{"total":3,"covered":3,"skipped":0,"pct":100},"statements":{"total":7,"covered":7,"skipped":0,"pct":100},"branches":{"total":3,"covered":3,"skipped":0,"pct":100}}
,"C:\\Users\\chron\\Desktop\\github\\backup\\Catan-main\\src\\core\\board\\Settlement.ts": {"lines":{"total":7,"covered":6,"skipped":0,"pct":85.71},"functions":{"total":3,"covered":2,"skipped":0,"pct":66.66},"statements":{"total":7,"covered":6,"skipped":0,"pct":85.71},"branches":{"total":3,"covered":1,"skipped":0,"pct":33.33}}
,"C:\\Users\\chron\\Desktop\\github\\backup\\Catan-main\\src\\core\\board\\Tile.ts": {"lines":{"total":8,"covered":8,"skipped":0,"pct":100},"functions":{"total":2,"covered":2,"skipped":0,"pct":100},"statements":{"total":8,"covered":8,"skipped":0,"pct":100},"branches":{"total":1,"covered":1,"skipped":0,"pct":100}}
,"C:\\Users\\chron\\Desktop\\github\\backup\\Catan-main\\src\\core\\board\\Vertex.ts": {"lines":{"total":10,"covered":9,"skipped":0,"pct":90},"functions":{"total":4,"covered":3,"skipped":0,"pct":75},"statements":{"total":10,"covered":9,"skipped":0,"pct":90},"branches":{"total":3,"covered":3,"skipped":0,"pct":100}}
,"C:\\Users\\chron\\Desktop\\github\\backup\\Catan-main\\src\\core\\game\\ConstructionCost.ts": {"lines":{"total":1,"covered":1,"skipped":0,"pct":100},"functions":{"total":0,"covered":0,"skipped":0,"pct":100},"statements":{"total":1,"covered":1,"skipped":0,"pct":100},"branches":{"total":0,"covered":0,"skipped":0,"pct":100}}
,"C:\\Users\\chron\\Desktop\\github\\backup\\Catan-main\\src\\core\\game\\ConstructionRules.ts": {"lines":{"total":121,"covered":91,"skipped":0,"pct":75.2},"functions":{"total":13,"covered":10,"skipped":0,"pct":76.92},"statements":{"total":121,"covered":91,"skipped":0,"pct":75.2},"branches":{"total":114,"covered":82,"skipped":0,"pct":71.92}}
,"C:\\Users\\chron\\Desktop\\github\\backup\\Catan-main\\src\\core\\game\\DevelopmentCard.ts": {"lines":{"total":14,"covered":14,"skipped":0,"pct":100},"functions":{"total":2,"covered":2,"skipped":0,"pct":100},"statements":{"total":16,"covered":16,"skipped":0,"pct":100},"branches":{"total":0,"covered":0,"skipped":0,"pct":100}}
,"C:\\Users\\chron\\Desktop\\github\\backup\\Catan-main\\src\\core\\game\\GameState.ts": {"lines":{"total":450,"covered":388,"skipped":0,"pct":86.22},"functions":{"total":99,"covered":95,"skipped":0,"pct":95.95},"statements":{"total":453,"covered":389,"skipped":0,"pct":85.87},"branches":{"total":322,"covered":214,"skipped":0,"pct":66.45}}
,"C:\\Users\\chron\\Desktop\\github\\backup\\Catan-main\\src\\core\\game\\Player.ts": {"lines":{"total":72,"covered":71,"skipped":0,"pct":98.61},"functions":{"total":30,"covered":30,"skipped":0,"pct":100},"statements":{"total":72,"covered":71,"skipped":0,"pct":98.61},"branches":{"total":36,"covered":31,"skipped":0,"pct":86.11}}
,"C:\\Users\\chron\\Desktop\\github\\backup\\Catan-main\\src\\core\\game\\ResourceDistributionService.ts": {"lines":{"total":64,"covered":41,"skipped":0,"pct":64.06},"functions":{"total":18,"covered":11,"skipped":0,"pct":61.11},"statements":{"total":65,"covered":41,"skipped":0,"pct":63.07},"branches":{"total":34,"covered":15,"skipped":0,"pct":44.11}}
,"C:\\Users\\chron\\Desktop\\github\\backup\\Catan-main\\src\\core\\game\\ResourceInventory.ts": {"lines":{"total":4,"covered":4,"skipped":0,"pct":100},"functions":{"total":2,"covered":2,"skipped":0,"pct":100},"statements":{"total":4,"covered":4,"skipped":0,"pct":100},"branches":{"total":0,"covered":0,"skipped":0,"pct":100}}
,"C:\\Users\\chron\\Desktop\\github\\backup\\Catan-main\\src\\core\\game\\ResourceNames.ts": {"lines":{"total":6,"covered":6,"skipped":0,"pct":100},"functions":{"total":2,"covered":2,"skipped":0,"pct":100},"statements":{"total":6,"covered":6,"skipped":0,"pct":100},"branches":{"total":4,"covered":4,"skipped":0,"pct":100}}
,"C:\\Users\\chron\\Desktop\\github\\backup\\Catan-main\\src\\core\\game\\TradeService.ts": {"lines":{"total":13,"covered":13,"skipped":0,"pct":100},"functions":{"total":4,"covered":4,"skipped":0,"pct":100},"statements":{"total":13,"covered":13,"skipped":0,"pct":100},"branches":{"total":14,"covered":12,"skipped":0,"pct":85.71}}
,"C:\\Users\\chron\\Desktop\\github\\backup\\Catan-main\\src\\render\\BoardRenderer.ts": {"lines":{"total":198,"covered":175,"skipped":0,"pct":88.38},"functions":{"total":17,"covered":17,"skipped":0,"pct":100},"statements":{"total":200,"covered":177,"skipped":0,"pct":88.5},"branches":{"total":98,"covered":60,"skipped":0,"pct":61.22}}
}
