TN:
SF:src\App.tsx
FN:9,App
FN:15,(anonymous_2)
FN:16,(anonymous_3)
FN:18,(anonymous_4)
FN:23,(anonymous_5)
FN:25,(anonymous_6)
FN:47,(anonymous_7)
FNF:7
FNH:1
FNDA:2,App
FNDA:0,(anonymous_2)
FNDA:0,(anonymous_3)
FNDA:0,(anonymous_4)
FNDA:0,(anonymous_5)
FNDA:0,(anonymous_6)
FNDA:0,(anonymous_7)
DA:1,1
DA:2,1
DA:3,1
DA:4,1
DA:10,2
DA:11,2
DA:13,2
DA:15,2
DA:16,2
DA:18,2
DA:19,0
DA:20,0
DA:23,2
DA:24,0
DA:25,0
DA:29,2
DA:31,2
DA:47,0
DA:87,1
LF:19
LH:14
BRDA:29,0,0,2
BRDA:29,0,1,0
BRDA:33,1,0,2
BRDA:33,1,1,2
BRDA:43,2,0,2
BRDA:43,2,1,2
BRDA:48,3,0,0
BRDA:48,3,1,2
BRDA:67,4,0,0
BRDA:67,4,1,2
BRDA:71,5,0,2
BRDA:71,5,1,2
BRDA:72,6,0,2
BRDA:72,6,1,0
BRDA:75,7,0,2
BRDA:75,7,1,0
BRF:16
BRH:11
end_of_record
TN:
SF:src\components\AvatarArrowSound.tsx
FN:8,(anonymous_0)
FN:14,(anonymous_1)
FN:22,(anonymous_2)
FN:27,(anonymous_3)
FN:33,(anonymous_4)
FN:40,(anonymous_5)
FN:46,(anonymous_6)
FNF:7
FNH:4
FNDA:3,(anonymous_0)
FNDA:0,(anonymous_1)
FNDA:0,(anonymous_2)
FNDA:0,(anonymous_3)
FNDA:3,(anonymous_4)
FNDA:3,(anonymous_5)
FNDA:3,(anonymous_6)
DA:1,2
DA:8,2
DA:12,3
DA:14,3
DA:15,0
DA:16,0
DA:18,0
DA:19,0
DA:20,0
DA:22,0
DA:23,0
DA:26,0
DA:27,0
DA:28,0
DA:29,0
DA:33,3
DA:34,3
DA:35,3
DA:36,3
DA:40,3
DA:41,3
DA:42,1
DA:44,3
DA:46,3
DA:47,3
DA:51,3
DA:61,2
LF:27
LH:16
BRDA:10,0,0,0
BRDA:16,1,0,0
BRDA:16,1,1,0
BRDA:35,2,0,3
BRDA:35,2,1,0
BRDA:41,3,0,1
BRDA:41,3,1,2
BRF:7
BRH:3
end_of_record
TN:
SF:src\components\BackgroundMusic.tsx
FN:12,(anonymous_0)
FN:21,(anonymous_1)
FN:33,(anonymous_2)
FN:39,(anonymous_3)
FNF:4
FNH:3
FNDA:4,(anonymous_0)
FNDA:4,(anonymous_1)
FNDA:0,(anonymous_2)
FNDA:4,(anonymous_3)
DA:1,2
DA:12,2
DA:19,4
DA:21,4
DA:22,4
DA:23,4
DA:25,4
DA:26,4
DA:27,4
DA:29,4
DA:30,4
DA:32,4
DA:33,0
DA:34,0
DA:39,4
DA:40,4
DA:41,4
DA:45,4
DA:56,2
LF:19
LH:17
BRDA:14,0,0,2
BRDA:15,1,0,2
BRDA:16,2,0,2
BRDA:17,3,0,2
BRDA:23,4,0,0
BRDA:23,4,1,4
BRDA:29,5,0,4
BRDA:29,5,1,0
BRDA:32,6,0,0
BRDA:32,6,1,4
BRF:10
BRH:7
end_of_record
TN:
SF:src\components\ClickSound.tsx
FN:8,(anonymous_0)
FN:14,(anonymous_1)
FN:22,(anonymous_2)
FN:27,(anonymous_3)
FN:33,(anonymous_4)
FN:40,(anonymous_5)
FN:46,(anonymous_6)
FNF:7
FNH:4
FNDA:3,(anonymous_0)
FNDA:0,(anonymous_1)
FNDA:0,(anonymous_2)
FNDA:0,(anonymous_3)
FNDA:3,(anonymous_4)
FNDA:3,(anonymous_5)
FNDA:3,(anonymous_6)
DA:1,2
DA:8,2
DA:12,3
DA:14,3
DA:15,0
DA:16,0
DA:18,0
DA:19,0
DA:20,0
DA:22,0
DA:23,0
DA:26,0
DA:27,0
DA:28,0
DA:29,0
DA:33,3
DA:34,3
DA:35,3
DA:36,3
DA:40,3
DA:41,3
DA:42,2
DA:44,3
DA:46,3
DA:47,3
DA:51,3
DA:61,2
LF:27
LH:16
BRDA:10,0,0,1
BRDA:16,1,0,0
BRDA:16,1,1,0
BRDA:35,2,0,3
BRDA:35,2,1,0
BRDA:41,3,0,2
BRDA:41,3,1,1
BRF:7
BRH:4
end_of_record
TN:
SF:src\components\Dice.tsx
FN:31,(anonymous_0)
FN:40,(anonymous_1)
FN:44,(anonymous_2)
FN:55,(anonymous_3)
FN:65,(anonymous_4)
FN:102,(anonymous_5)
FN:107,(anonymous_6)
FN:112,(anonymous_7)
FN:119,(anonymous_8)
FN:126,(anonymous_9)
FN:128,(anonymous_10)
FN:131,(anonymous_11)
FNF:12
FNH:7
FNDA:11,(anonymous_0)
FNDA:11,(anonymous_1)
FNDA:22,(anonymous_2)
FNDA:11,(anonymous_3)
FNDA:0,(anonymous_4)
FNDA:0,(anonymous_5)
FNDA:0,(anonymous_6)
FNDA:0,(anonymous_7)
FNDA:11,(anonymous_8)
FNDA:11,(anonymous_9)
FNDA:0,(anonymous_10)
FNDA:11,(anonymous_11)
DA:1,3
DA:2,3
DA:10,3
DA:22,3
DA:31,3
DA:32,11
DA:33,11
DA:34,11
DA:35,11
DA:36,11
DA:37,11
DA:38,11
DA:40,11
DA:41,11
DA:44,11
DA:45,22
DA:46,0
DA:47,0
DA:49,22
DA:50,0
DA:51,0
DA:55,11
DA:56,11
DA:57,0
DA:59,0
DA:60,0
DA:61,0
DA:62,0
DA:63,0
DA:65,0
DA:66,0
DA:67,0
DA:69,0
DA:70,0
DA:71,0
DA:72,0
DA:74,0
DA:77,0
DA:80,0
DA:81,0
DA:82,0
DA:85,0
DA:86,0
DA:87,0
DA:88,0
DA:89,0
DA:92,0
DA:93,0
DA:96,0
DA:97,0
DA:98,0
DA:99,0
DA:100,0
DA:101,0
DA:102,0
DA:106,0
DA:107,0
DA:111,11
DA:112,11
DA:113,0
DA:114,0
DA:115,0
DA:116,0
DA:119,11
DA:120,11
DA:121,11
DA:126,11
DA:127,11
DA:128,11
DA:129,0
DA:131,11
DA:135,11
LF:72
LH:29
BRDA:32,0,0,11
BRDA:32,0,1,0
BRDA:45,1,0,0
BRDA:45,1,1,22
BRDA:49,2,0,0
BRDA:49,2,1,22
BRDA:56,3,0,0
BRDA:56,3,1,11
BRDA:66,4,0,0
BRDA:66,4,1,0
BRDA:69,5,0,0
BRDA:69,5,1,0
BRDA:86,6,0,0
BRDA:86,6,1,0
BRDA:92,7,0,0
BRDA:92,7,1,0
BRDA:97,8,0,0
BRDA:97,8,1,0
BRDA:116,9,0,0
BRDA:116,9,1,0
BRDA:127,10,0,11
BRDA:127,10,1,0
BRDA:127,11,0,11
BRDA:127,11,1,11
BRDA:129,12,0,0
BRDA:129,12,1,0
BRF:26
BRH:7
end_of_record
TN:
SF:src\components\DiceRoller.tsx
FN:16,(anonymous_0)
FN:28,(anonymous_1)
FN:29,(anonymous_2)
FN:31,(anonymous_3)
FN:36,(anonymous_4)
FN:41,(anonymous_5)
FN:47,(anonymous_6)
FN:48,(anonymous_7)
FN:53,(anonymous_8)
FN:64,(anonymous_9)
FNF:10
FNH:6
FNDA:3,(anonymous_0)
FNDA:3,(anonymous_1)
FNDA:3,(anonymous_2)
FNDA:4,(anonymous_3)
FNDA:3,(anonymous_4)
FNDA:0,(anonymous_5)
FNDA:0,(anonymous_6)
FNDA:0,(anonymous_7)
FNDA:0,(anonymous_8)
FNDA:2,(anonymous_9)
DA:1,2
DA:2,2
DA:3,2
DA:14,2
DA:16,2
DA:22,3
DA:23,3
DA:24,3
DA:26,3
DA:27,3
DA:28,3
DA:29,3
DA:31,3
DA:32,4
DA:33,4
DA:36,3
DA:37,3
DA:38,2
DA:41,2
DA:42,0
DA:43,0
DA:47,2
DA:48,0
DA:49,0
DA:53,0
DA:54,0
DA:55,0
DA:56,0
DA:59,0
DA:62,2
DA:64,2
DA:68,3
DA:71,0
DA:73,0
LF:34
LH:23
BRDA:37,0,0,2
BRDA:37,0,1,1
BRDA:68,1,0,3
BRDA:68,1,1,0
BRDA:74,2,0,0
BRDA:74,2,1,0
BRDA:82,3,0,0
BRDA:82,3,1,0
BRF:8
BRH:3
end_of_record
TN:
SF:src\components\DiscardModal.tsx
FN:30,emptyCounts
FN:34,(anonymous_1)
FN:51,(anonymous_2)
FN:55,(anonymous_3)
FN:57,(anonymous_4)
FN:72,(anonymous_5)
FN:99,(anonymous_6)
FN:115,(anonymous_7)
FN:124,(anonymous_8)
FNF:9
FNH:4
FNDA:4,emptyCounts
FNDA:4,(anonymous_1)
FNDA:15,(anonymous_2)
FNDA:0,(anonymous_3)
FNDA:0,(anonymous_4)
FNDA:0,(anonymous_5)
FNDA:15,(anonymous_6)
FNDA:0,(anonymous_7)
FNDA:0,(anonymous_8)
DA:1,2
DA:2,2
DA:22,2
DA:31,4
DA:34,2
DA:41,4
DA:44,4
DA:46,4
DA:47,1
DA:50,3
DA:51,15
DA:55,3
DA:56,0
DA:57,0
DA:58,0
DA:60,0
DA:61,0
DA:64,0
DA:65,0
DA:68,0
DA:72,3
DA:73,0
DA:74,0
DA:75,0
DA:78,0
DA:80,0
DA:81,0
DA:85,3
DA:100,15
DA:115,0
DA:124,0
LF:31
LH:15
BRDA:46,0,0,1
BRDA:46,0,1,3
BRDA:60,1,0,0
BRDA:60,1,1,0
BRDA:60,2,0,0
BRDA:60,2,1,0
BRDA:64,3,0,0
BRDA:64,3,1,0
BRDA:64,4,0,0
BRDA:64,4,1,0
BRDA:73,5,0,0
BRDA:73,5,1,0
BRDA:80,6,0,0
BRDA:80,6,1,0
BRDA:106,7,0,0
BRDA:106,7,1,15
BRDA:134,8,0,3
BRDA:134,8,1,0
BRDA:143,9,0,0
BRDA:143,9,1,3
BRF:20
BRH:5
end_of_record
TN:
SF:src\components\HoverButton.tsx
FN:16,(anonymous_1)
FN:25,(anonymous_2)
FN:30,(anonymous_3)
FNF:3
FNH:1
FNDA:12,(anonymous_1)
FNDA:0,(anonymous_2)
FNDA:0,(anonymous_3)
DA:1,2
DA:2,2
DA:16,2
DA:25,12
DA:27,0
DA:30,12
DA:32,0
DA:34,0
DA:37,12
DA:56,2
LF:10
LH:7
BRF:0
BRH:0
end_of_record
TN:
SF:src\components\HoverSound.tsx
FN:8,(anonymous_0)
FN:14,(anonymous_1)
FN:24,(anonymous_2)
FN:29,(anonymous_3)
FN:35,(anonymous_4)
FN:42,(anonymous_5)
FN:48,(anonymous_6)
FNF:7
FNH:4
FNDA:3,(anonymous_0)
FNDA:0,(anonymous_1)
FNDA:0,(anonymous_2)
FNDA:0,(anonymous_3)
FNDA:3,(anonymous_4)
FNDA:3,(anonymous_5)
FNDA:3,(anonymous_6)
DA:1,2
DA:8,2
DA:12,3
DA:14,3
DA:15,0
DA:16,0
DA:19,0
DA:20,0
DA:21,0
DA:24,0
DA:25,0
DA:28,0
DA:29,0
DA:30,0
DA:31,0
DA:35,3
DA:36,3
DA:37,3
DA:38,3
DA:42,3
DA:43,3
DA:44,2
DA:46,3
DA:48,3
DA:49,3
DA:53,3
DA:63,2
LF:27
LH:16
BRDA:10,0,0,1
BRDA:16,1,0,0
BRDA:16,1,1,0
BRDA:37,2,0,3
BRDA:37,2,1,0
BRDA:43,3,0,2
BRDA:43,3,1,1
BRF:7
BRH:4
end_of_record
TN:
SF:src\components\KeyboardSound.tsx
FN:9,(anonymous_0)
FN:18,(anonymous_1)
FN:19,(anonymous_2)
FN:25,(anonymous_3)
FN:35,(anonymous_4)
FN:45,(anonymous_5)
FN:53,(anonymous_6)
FNF:7
FNH:4
FNDA:4,(anonymous_0)
FNDA:4,(anonymous_1)
FNDA:0,(anonymous_2)
FNDA:0,(anonymous_3)
FNDA:0,(anonymous_4)
FNDA:4,(anonymous_5)
FNDA:4,(anonymous_6)
DA:1,3
DA:9,3
DA:14,4
DA:15,4
DA:16,4
DA:18,4
DA:19,4
DA:20,0
DA:21,0
DA:23,0
DA:24,0
DA:25,0
DA:26,0
DA:28,0
DA:31,0
DA:32,0
DA:35,0
DA:36,0
DA:37,0
DA:38,0
DA:43,4
DA:45,4
DA:46,4
DA:47,4
DA:48,0
DA:53,4
DA:54,4
DA:55,4
DA:56,4
DA:60,4
DA:70,3
LF:31
LH:17
BRDA:11,0,0,1
BRDA:12,1,0,4
BRDA:21,2,0,0
BRDA:21,2,1,0
BRDA:23,3,0,0
BRDA:23,3,1,0
BRDA:31,4,0,0
BRDA:31,4,1,0
BRDA:36,5,0,0
BRDA:36,5,1,0
BRDA:47,6,0,0
BRDA:47,6,1,4
BRDA:55,7,0,4
BRDA:55,7,1,0
BRF:14
BRH:4
end_of_record
TN:
SF:src\components\Menu.tsx
FN:25,(anonymous_1)
FN:27,(anonymous_2)
FN:31,(anonymous_3)
FN:33,(anonymous_4)
FN:83,(anonymous_5)
FNF:5
FNH:2
FNDA:4,(anonymous_1)
FNDA:0,(anonymous_2)
FNDA:0,(anonymous_3)
FNDA:0,(anonymous_4)
FNDA:12,(anonymous_5)
DA:1,2
DA:2,2
DA:3,2
DA:25,2
DA:27,4
DA:28,0
DA:31,4
DA:33,4
DA:34,0
DA:38,4
DA:71,4
DA:84,12
DA:100,2
LF:13
LH:11
BRF:0
BRH:0
end_of_record
TN:
SF:src\components\PlayerSelection.tsx
FN:71,(anonymous_1)
FN:81,(anonymous_2)
FN:86,(anonymous_3)
FN:87,(anonymous_4)
FN:95,(anonymous_5)
FN:97,(anonymous_6)
FN:106,(anonymous_7)
FN:108,(anonymous_8)
FN:118,(anonymous_9)
FN:128,(anonymous_10)
FN:145,(anonymous_11)
FN:199,(anonymous_12)
FN:217,(anonymous_13)
FN:250,(anonymous_14)
FN:282,(anonymous_15)
FN:283,(anonymous_16)
FN:290,(anonymous_17)
FN:291,(anonymous_18)
FN:297,(anonymous_19)
FN:309,(anonymous_20)
FN:317,(anonymous_21)
FNF:21
FNH:4
FNDA:3,(anonymous_1)
FNDA:15,(anonymous_2)
FNDA:0,(anonymous_3)
FNDA:0,(anonymous_4)
FNDA:0,(anonymous_5)
FNDA:0,(anonymous_6)
FNDA:0,(anonymous_7)
FNDA:0,(anonymous_8)
FNDA:0,(anonymous_9)
FNDA:0,(anonymous_10)
FNDA:0,(anonymous_11)
FNDA:0,(anonymous_12)
FNDA:15,(anonymous_13)
FNDA:0,(anonymous_14)
FNDA:0,(anonymous_15)
FNDA:0,(anonymous_16)
FNDA:0,(anonymous_17)
FNDA:0,(anonymous_18)
FNDA:6,(anonymous_19)
FNDA:0,(anonymous_20)
FNDA:0,(anonymous_21)
DA:1,2
DA:2,2
DA:3,2
DA:4,2
DA:28,2
DA:30,2
DA:71,2
DA:75,3
DA:79,3
DA:81,3
DA:82,15
DA:85,3
DA:87,0
DA:95,3
DA:96,0
DA:97,0
DA:106,3
DA:107,0
DA:108,0
DA:118,3
DA:119,0
DA:121,0
DA:122,0
DA:123,0
DA:126,0
DA:128,0
DA:135,0
DA:145,3
DA:146,0
DA:147,0
DA:150,3
DA:153,3
DA:161,3
DA:199,0
DA:218,15
DA:250,0
DA:282,0
DA:283,0
DA:290,0
DA:291,0
DA:298,6
DA:309,0
DA:317,0
DA:329,2
LF:44
LH:22
BRDA:100,0,0,0
BRDA:100,0,1,0
BRDA:111,1,0,0
BRDA:111,1,1,0
BRDA:121,2,0,0
BRDA:121,2,1,0
BRDA:129,3,0,0
BRDA:129,3,1,0
BRDA:223,4,0,3
BRDA:223,4,1,12
BRDA:281,5,0,3
BRDA:281,5,1,0
BRDA:289,6,0,0
BRDA:289,6,1,3
BRF:14
BRH:4
end_of_record
TN:
SF:src\components\RobberVictimModal.tsx
FN:17,(anonymous_0)
FN:40,(anonymous_1)
FN:50,(anonymous_2)
FNF:3
FNH:3
FNDA:3,(anonymous_0)
FNDA:4,(anonymous_1)
FNDA:1,(anonymous_2)
DA:2,2
DA:17,2
DA:22,3
DA:23,1
DA:26,2
DA:41,4
DA:50,1
LF:7
LH:7
BRDA:22,0,0,1
BRDA:22,0,1,2
BRDA:53,1,0,4
BRDA:53,1,1,2
BRF:4
BRH:4
end_of_record
TN:
SF:src\components\TradeModal.tsx
FN:49,(anonymous_0)
FN:63,(anonymous_1)
FN:65,(anonymous_2)
FN:71,(anonymous_3)
FN:73,(anonymous_4)
FN:79,(anonymous_5)
FN:81,(anonymous_6)
FN:82,(anonymous_7)
FN:86,(anonymous_8)
FN:88,(anonymous_9)
FN:89,(anonymous_10)
FN:93,(anonymous_11)
FN:98,(anonymous_12)
FN:129,(anonymous_13)
FN:138,(anonymous_14)
FN:151,(anonymous_15)
FN:155,(anonymous_16)
FN:168,(anonymous_17)
FN:180,(anonymous_18)
FN:190,(anonymous_19)
FN:198,(anonymous_20)
FN:203,(anonymous_21)
FN:217,(anonymous_22)
FN:227,(anonymous_23)
FN:235,(anonymous_24)
FN:240,(anonymous_25)
FNF:26
FNH:7
FNDA:3,(anonymous_0)
FNDA:0,(anonymous_1)
FNDA:0,(anonymous_2)
FNDA:0,(anonymous_3)
FNDA:0,(anonymous_4)
FNDA:2,(anonymous_5)
FNDA:10,(anonymous_6)
FNDA:0,(anonymous_7)
FNDA:2,(anonymous_8)
FNDA:10,(anonymous_9)
FNDA:0,(anonymous_10)
FNDA:0,(anonymous_11)
FNDA:0,(anonymous_12)
FNDA:0,(anonymous_13)
FNDA:0,(anonymous_14)
FNDA:0,(anonymous_15)
FNDA:0,(anonymous_16)
FNDA:0,(anonymous_17)
FNDA:10,(anonymous_18)
FNDA:0,(anonymous_19)
FNDA:0,(anonymous_20)
FNDA:0,(anonymous_21)
FNDA:10,(anonymous_22)
FNDA:0,(anonymous_23)
FNDA:0,(anonymous_24)
FNDA:0,(anonymous_25)
DA:1,2
DA:2,2
DA:31,2
DA:39,2
DA:40,2
DA:49,2
DA:57,3
DA:58,3
DA:59,3
DA:60,3
DA:61,3
DA:63,3
DA:64,0
DA:65,0
DA:71,3
DA:72,0
DA:73,0
DA:79,3
DA:80,2
DA:81,10
DA:82,0
DA:86,3
DA:87,2
DA:88,10
DA:89,0
DA:93,3
DA:94,0
DA:95,0
DA:98,3
DA:99,0
DA:100,0
DA:101,0
DA:105,0
DA:109,0
DA:111,0
DA:112,0
DA:116,3
DA:118,2
DA:130,0
DA:131,0
DA:139,0
DA:140,0
DA:152,0
DA:155,0
DA:169,0
DA:181,10
DA:190,0
DA:198,0
DA:203,0
DA:218,10
DA:227,0
DA:235,0
DA:240,0
LF:53
LH:25
BRDA:58,0,0,0
BRDA:58,0,1,3
BRDA:80,1,0,2
BRDA:80,1,1,2
BRDA:87,2,0,2
BRDA:87,2,1,2
BRDA:99,3,0,0
BRDA:99,3,1,0
BRDA:99,4,0,0
BRDA:99,4,1,0
BRDA:105,5,0,0
BRDA:105,5,1,0
BRDA:111,6,0,0
BRDA:111,6,1,0
BRDA:116,7,0,1
BRDA:116,7,1,2
BRDA:128,8,0,2
BRDA:128,8,1,0
BRDA:137,9,0,0
BRDA:137,9,1,2
BRDA:147,10,0,2
BRDA:147,10,1,2
BRDA:154,11,0,0
BRDA:154,11,1,0
BRDA:165,12,0,2
BRDA:165,12,1,0
BRDA:165,12,2,0
BRDA:170,13,0,0
BRDA:170,13,1,0
BRDA:198,14,0,0
BRDA:198,14,1,0
BRDA:235,15,0,0
BRDA:235,15,1,0
BRDA:263,16,0,2
BRDA:263,16,1,0
BRDA:265,17,0,0
BRDA:265,17,1,0
BRDA:273,18,0,0
BRDA:273,18,1,2
BRF:39
BRH:14
end_of_record
TN:
SF:src\components\index.ts
FN:1,(anonymous_1)
FN:2,(anonymous_2)
FN:4,(anonymous_3)
FN:5,(anonymous_4)
FN:6,(anonymous_5)
FNF:5
FNH:2
FNDA:2,(anonymous_1)
FNDA:0,(anonymous_2)
FNDA:0,(anonymous_3)
FNDA:0,(anonymous_4)
FNDA:2,(anonymous_5)
DA:1,3
DA:2,1
DA:4,1
DA:5,1
DA:6,3
LF:5
LH:5
BRF:0
BRH:0
end_of_record
TN:
SF:src\core\Hex.ts
FN:6,(anonymous_0)
FN:12,(anonymous_1)
FNF:2
FNH:2
FNDA:2432,(anonymous_0)
FNDA:22075,(anonymous_1)
DA:1,12
DA:7,2432
DA:8,2432
DA:9,2432
DA:13,22075
DA:14,22075
DA:16,22075
LF:7
LH:7
BRF:0
BRH:0
end_of_record
TN:
SF:src\core\board\Board.ts
FN:52,(anonymous_0)
FN:65,(anonymous_1)
FN:76,(anonymous_2)
FN:80,(anonymous_3)
FN:83,(anonymous_4)
FN:119,(anonymous_5)
FN:138,(anonymous_6)
FN:142,(anonymous_7)
FN:144,(anonymous_8)
FN:156,(anonymous_9)
FN:157,(anonymous_10)
FN:166,(anonymous_11)
FN:173,(anonymous_12)
FN:174,(anonymous_13)
FN:189,(anonymous_14)
FN:203,(anonymous_15)
FN:206,(anonymous_16)
FN:216,(anonymous_17)
FN:219,(anonymous_18)
FN:220,(anonymous_19)
FN:224,(anonymous_20)
FN:226,(anonymous_21)
FN:239,(anonymous_22)
FN:254,(anonymous_23)
FN:286,(anonymous_24)
FN:287,(anonymous_25)
FN:297,(anonymous_26)
FN:300,(anonymous_27)
FN:308,(anonymous_28)
FN:312,(anonymous_29)
FN:329,(anonymous_30)
FN:347,(anonymous_31)
FN:353,(anonymous_32)
FN:359,(anonymous_33)
FN:363,(anonymous_34)
FN:364,(anonymous_35)
FN:367,(anonymous_36)
FN:368,(anonymous_37)
FN:371,(anonymous_38)
FN:372,(anonymous_39)
FN:375,(anonymous_40)
FN:388,(anonymous_41)
FN:408,(anonymous_42)
FN:415,(anonymous_43)
FN:422,(anonymous_44)
FN:430,(anonymous_45)
FN:437,(anonymous_46)
FN:454,(anonymous_47)
FN:455,(anonymous_48)
FN:464,(anonymous_49)
FN:466,(anonymous_50)
FN:476,(anonymous_51)
FN:509,(anonymous_52)
FN:513,(anonymous_53)
FN:517,(anonymous_54)
FN:519,(anonymous_55)
FN:523,(anonymous_56)
FN:536,(anonymous_57)
FN:545,(anonymous_58)
FN:552,(anonymous_59)
FN:559,(anonymous_60)
FN:574,(anonymous_61)
FN:578,(anonymous_62)
FNF:63
FNH:63
FNDA:128,(anonymous_0)
FNDA:128,(anonymous_1)
FNDA:128,(anonymous_2)
FNDA:2432,(anonymous_3)
FNDA:14592,(anonymous_4)
FNDA:128,(anonymous_5)
FNDA:900,(anonymous_6)
FNDA:17100,(anonymous_7)
FNDA:102600,(anonymous_8)
FNDA:900,(anonymous_9)
FNDA:8063,(anonymous_10)
FNDA:6608,(anonymous_11)
FNDA:1713,(anonymous_12)
FNDA:32547,(anonymous_13)
FNDA:1928,(anonymous_14)
FNDA:21964,(anonymous_15)
FNDA:131784,(anonymous_16)
FNDA:128,(anonymous_17)
FNDA:2432,(anonymous_18)
FNDA:14592,(anonymous_19)
FNDA:9216,(anonymous_20)
FNDA:175104,(anonymous_21)
FNDA:27648,(anonymous_22)
FNDA:13824,(anonymous_23)
FNDA:7,(anonymous_24)
FNDA:63,(anonymous_25)
FNDA:146376,(anonymous_26)
FNDA:292752,(anonymous_27)
FNDA:18532,(anonymous_28)
FNDA:29184,(anonymous_29)
FNDA:14592,(anonymous_30)
FNDA:29184,(anonymous_31)
FNDA:29184,(anonymous_32)
FNDA:1,(anonymous_33)
FNDA:58666,(anonymous_34)
FNDA:1755262,(anonymous_35)
FNDA:779,(anonymous_36)
FNDA:17006,(anonymous_37)
FNDA:97,(anonymous_38)
FNDA:952,(anonymous_39)
FNDA:2,(anonymous_40)
FNDA:2,(anonymous_41)
FNDA:8,(anonymous_42)
FNDA:1,(anonymous_43)
FNDA:1,(anonymous_44)
FNDA:1,(anonymous_45)
FNDA:1,(anonymous_46)
FNDA:1,(anonymous_47)
FNDA:1,(anonymous_48)
FNDA:16,(anonymous_49)
FNDA:124,(anonymous_50)
FNDA:1,(anonymous_51)
FNDA:356,(anonymous_52)
FNDA:3584,(anonymous_53)
FNDA:2926,(anonymous_54)
FNDA:5802,(anonymous_55)
FNDA:24,(anonymous_56)
FNDA:35,(anonymous_57)
FNDA:530,(anonymous_58)
FNDA:584,(anonymous_59)
FNDA:155,(anonymous_60)
FNDA:1,(anonymous_61)
FNDA:2,(anonymous_62)
DA:1,12
DA:2,12
DA:4,12
DA:6,12
DA:8,12
DA:15,12
DA:37,12
DA:41,12
DA:42,12
DA:44,12
DA:53,128
DA:54,128
DA:55,128
DA:56,128
DA:57,128
DA:58,128
DA:59,128
DA:60,128
DA:61,128
DA:62,128
DA:66,128
DA:67,640
DA:68,640
DA:70,640
DA:71,2432
DA:77,128
DA:78,128
DA:80,128
DA:81,2432
DA:83,2432
DA:84,14592
DA:85,14592
DA:86,14592
DA:88,14592
DA:93,14592
DA:99,14592
DA:100,14592
DA:102,14592
DA:103,14592
DA:110,14592
DA:111,14592
DA:115,128
DA:116,128
DA:120,128
DA:122,128
DA:123,128
DA:127,900
DA:129,900
DA:130,128
DA:131,128
DA:135,0
DA:139,900
DA:140,900
DA:142,900
DA:143,17100
DA:144,102600
DA:145,17100
DA:147,17100
DA:148,900
DA:151,16200
DA:152,16200
DA:157,900
DA:158,8063
DA:162,6350
DA:165,1713
DA:167,6608
DA:174,1713
DA:175,32547
DA:176,32547
DA:178,32547
DA:190,1928
DA:192,1928
DA:193,32524
DA:194,32524
DA:196,32524
DA:197,32524
DA:200,1928
DA:204,21964
DA:206,21964
DA:207,131784
DA:209,131784
DA:218,128
DA:220,14592
DA:224,128
DA:225,9216
DA:227,175104
DA:230,9216
DA:233,128
DA:234,0
DA:235,0
DA:239,128
DA:240,27648
DA:241,27648
DA:243,27648
DA:244,0
DA:247,27648
DA:253,128
DA:254,13824
DA:257,128
DA:258,128
DA:259,128
DA:260,128
DA:262,128
DA:263,1152
DA:266,1152
DA:267,0
DA:269,1152
DA:270,1152
DA:272,1152
DA:273,1152
DA:275,1152
DA:283,128
DA:287,7
DA:288,63
DA:289,63
DA:291,63
DA:300,146376
DA:301,292752
DA:302,292752
DA:305,146376
DA:309,18532
DA:317,29184
DA:319,29184
DA:320,22272
DA:323,6912
DA:324,6912
DA:326,6912
DA:335,14592
DA:337,14592
DA:338,5376
DA:341,9216
DA:342,9216
DA:344,9216
DA:348,29184
DA:349,18432
DA:354,29184
DA:355,18432
DA:360,1
DA:364,1755262
DA:368,17006
DA:372,952
DA:376,2
DA:378,2
DA:379,1
DA:382,1
DA:389,2
DA:391,2
DA:392,1
DA:395,1
DA:396,1
DA:398,1
DA:399,0
DA:402,1
DA:409,8
DA:422,1
DA:423,1
DA:424,1
DA:426,1
DA:437,1
DA:438,1
DA:439,1
DA:441,1
DA:442,0
DA:445,1
DA:446,1
DA:447,1
DA:448,1
DA:450,1
DA:455,1
DA:456,1
DA:457,1
DA:458,1
DA:460,1
DA:465,16
DA:466,124
DA:469,16
DA:470,0
DA:473,16
DA:484,1
DA:485,1
DA:486,1
DA:487,1
DA:488,1
DA:490,1
DA:491,0
DA:492,0
DA:494,0
DA:497,1
DA:501,1
DA:502,1
DA:503,1
DA:504,1
DA:506,1
DA:510,356
DA:512,356
DA:513,3584
DA:518,2926
DA:519,5802
DA:524,24
DA:526,24
DA:527,0
DA:530,24
DA:532,24
DA:533,11
DA:536,13
DA:537,35
DA:539,35
DA:542,13
DA:546,530
DA:548,530
DA:549,194
DA:552,336
DA:553,584
DA:555,584
DA:560,155
DA:562,155
DA:563,1
DA:566,154
DA:567,1
DA:570,153
DA:571,153
DA:575,1
DA:579,2
DA:580,2
DA:582,2
LF:225
LH:213
BRDA:52,0,0,128
BRDA:52,1,0,128
BRDA:129,2,0,128
BRDA:129,2,1,772
BRDA:145,3,0,17100
BRDA:145,3,1,0
BRDA:147,4,0,900
BRDA:147,4,1,16200
BRDA:151,5,0,16200
BRDA:151,5,1,0
BRDA:158,6,0,6350
BRDA:158,6,1,1713
BRDA:159,7,0,8063
BRDA:159,7,1,7648
BRDA:167,8,0,6608
BRDA:167,8,1,6228
BRDA:179,9,0,32547
BRDA:179,9,1,6553
BRDA:179,9,2,31092
BRDA:179,9,3,5098
BRDA:179,9,4,29685
BRDA:179,9,5,6642
BRDA:179,9,6,28532
BRDA:179,9,7,4631
BRDA:179,9,8,27565
BRDA:179,9,9,3664
BRDA:179,9,10,26560
BRDA:179,9,11,5489
BRDA:227,10,0,175104
BRDA:227,10,1,20736
BRDA:233,11,0,0
BRDA:233,11,1,128
BRDA:243,12,0,0
BRDA:243,12,1,27648
BRDA:243,13,0,27648
BRDA:243,13,1,27648
BRDA:277,14,0,512
BRDA:277,14,1,640
BRDA:292,15,0,63
BRDA:292,15,1,62
BRDA:302,16,0,6420
BRDA:302,16,1,286332
BRDA:319,17,0,22272
BRDA:319,17,1,6912
BRDA:337,18,0,5376
BRDA:337,18,1,9216
BRDA:348,19,0,18432
BRDA:348,19,1,10752
BRDA:354,20,0,18432
BRDA:354,20,1,10752
BRDA:372,21,0,952
BRDA:372,21,1,237
BRDA:378,22,0,1
BRDA:378,22,1,1
BRDA:391,23,0,1
BRDA:391,23,1,1
BRDA:398,24,0,0
BRDA:398,24,1,1
BRDA:398,25,0,1
BRDA:398,25,1,1
BRDA:420,26,0,0
BRDA:435,27,0,0
BRDA:441,28,0,0
BRDA:441,28,1,1
BRDA:441,29,0,1
BRDA:441,29,1,1
BRDA:466,30,0,124
BRDA:466,30,1,40
BRDA:469,31,0,0
BRDA:469,31,1,16
BRDA:490,32,0,0
BRDA:490,32,1,1
BRDA:526,33,0,0
BRDA:526,33,1,24
BRDA:532,34,0,11
BRDA:532,34,1,13
BRDA:532,35,0,24
BRDA:532,35,1,12
BRDA:539,36,0,35
BRDA:539,36,1,35
BRDA:548,37,0,194
BRDA:548,37,1,336
BRDA:548,38,0,530
BRDA:548,38,1,530
BRDA:555,39,0,584
BRDA:555,39,1,584
BRDA:562,40,0,1
BRDA:562,40,1,154
BRDA:566,41,0,1
BRDA:566,41,1,153
BRDA:582,42,0,2
BRDA:582,42,1,2
BRDA:582,42,2,2
BRF:93
BRH:82
end_of_record
TN:
SF:src\core\board\Harbor.ts
FN:14,createHarborTypes
FN:28,harborLabel
FNF:2
FNH:2
FNDA:128,createHarborTypes
FNDA:45,harborLabel
DA:14,12
DA:15,128
DA:28,12
DA:29,45
LF:4
LH:4
BRDA:29,0,0,20
BRDA:29,0,1,25
BRF:2
BRH:2
end_of_record
TN:
SF:src\core\board\Road.ts
FN:7,(anonymous_0)
FN:19,(anonymous_1)
FN:23,(anonymous_2)
FNF:3
FNH:3
FNDA:9217,(anonymous_0)
FNDA:2,(anonymous_1)
FNDA:215,(anonymous_2)
DA:1,12
DA:13,9217
DA:14,9217
DA:15,9217
DA:16,9217
DA:20,2
DA:24,215
LF:7
LH:7
BRDA:11,0,0,9217
BRDA:24,1,0,215
BRDA:24,1,1,141
BRF:3
BRH:3
end_of_record
TN:
SF:src\core\board\Settlement.ts
FN:9,(anonymous_0)
FN:21,(anonymous_1)
FN:25,(anonymous_2)
FNF:3
FNH:2
FNDA:155,(anonymous_0)
FNDA:0,(anonymous_1)
FNDA:1,(anonymous_2)
DA:3,9
DA:15,155
DA:16,155
DA:17,155
DA:18,155
DA:22,0
DA:26,1
LF:7
LH:6
BRDA:13,0,0,152
BRDA:22,1,0,0
BRDA:22,1,1,0
BRF:3
BRH:1
end_of_record
TN:
SF:src\core\board\Tile.ts
FN:13,(anonymous_0)
FN:29,(anonymous_1)
FNF:2
FNH:2
FNDA:17100,(anonymous_0)
FNDA:1,(anonymous_1)
DA:5,12
DA:21,17100
DA:22,17100
DA:23,17100
DA:24,17100
DA:25,17100
DA:26,17100
DA:30,1
LF:8
LH:8
BRDA:19,0,0,16200
BRF:1
BRH:1
end_of_record
TN:
SF:src\core\board\Vertex.ts
FN:9,(anonymous_0)
FN:25,(anonymous_1)
FN:29,(anonymous_2)
FN:33,(anonymous_3)
FNF:4
FNH:3
FNDA:6913,(anonymous_0)
FNDA:2239,(anonymous_1)
FNDA:153,(anonymous_2)
FNDA:0,(anonymous_3)
DA:1,12
DA:17,6913
DA:18,6913
DA:19,6913
DA:20,6913
DA:21,6913
DA:22,6913
DA:26,2239
DA:30,153
DA:34,0
LF:10
LH:9
BRDA:13,0,0,6913
BRDA:14,1,0,6913
BRDA:15,2,0,6913
BRF:3
BRH:3
end_of_record
TN:
SF:src\core\game\ConstructionCost.ts
FNF:0
FNH:0
DA:3,12
LF:1
LH:1
BRF:0
BRH:0
end_of_record
TN:
SF:src\core\game\ConstructionRules.ts
FN:7,(anonymous_0)
FN:12,(anonymous_1)
FN:52,(anonymous_2)
FN:67,(anonymous_3)
FN:78,(anonymous_4)
FN:115,(anonymous_5)
FN:126,(anonymous_6)
FN:139,(anonymous_7)
FN:167,(anonymous_8)
FN:217,(anonymous_9)
FN:243,(anonymous_10)
FN:276,(anonymous_11)
FN:296,(anonymous_12)
FNF:13
FNH:10
FNDA:84,(anonymous_0)
FNDA:262,(anonymous_1)
FNDA:704,(anonymous_2)
FNDA:0,(anonymous_3)
FNDA:7,(anonymous_4)
FNDA:0,(anonymous_5)
FNDA:0,(anonymous_6)
FNDA:2,(anonymous_7)
FNDA:218,(anonymous_8)
FNDA:148,(anonymous_9)
FNDA:141,(anonymous_10)
FNDA:2,(anonymous_11)
FNDA:4,(anonymous_12)
DA:2,7
DA:3,7
DA:6,7
DA:8,84
DA:9,84
DA:17,262
DA:19,262
DA:20,0
DA:23,262
DA:24,1
DA:27,261
DA:31,0
DA:34,261
DA:38,0
DA:41,261
DA:42,1
DA:45,260
DA:47,260
DA:48,2
DA:51,258
DA:53,704
DA:55,704
DA:59,258
DA:60,2
DA:63,256
DA:64,256
DA:67,0
DA:68,0
DA:70,0
DA:82,7
DA:84,7
DA:85,1
DA:88,6
DA:89,1
DA:92,5
DA:93,1
DA:96,4
DA:97,1
DA:100,3
DA:101,1
DA:104,2
DA:106,2
DA:107,0
DA:110,2
DA:111,2
DA:114,0
DA:116,0
DA:118,0
DA:122,0
DA:123,0
DA:126,0
DA:127,0
DA:129,0
DA:132,0
DA:133,0
DA:136,0
DA:140,2
DA:142,2
DA:143,0
DA:146,2
DA:147,0
DA:150,2
DA:151,0
DA:154,2
DA:155,0
DA:158,2
DA:160,2
DA:173,218
DA:175,218
DA:176,0
DA:179,218
DA:180,1
DA:183,217
DA:188,0
DA:191,217
DA:192,2
DA:195,215
DA:197,215
DA:198,0
DA:201,215
DA:203,213
DA:205,213
DA:211,2
DA:214,2
DA:222,148
DA:223,1
DA:226,147
DA:231,147
DA:232,0
DA:235,147
DA:236,147
DA:238,147
DA:240,147
DA:249,141
DA:252,1
DA:255,140
DA:257,140
DA:258,0
DA:261,140
DA:262,1
DA:263,1
DA:265,0
DA:269,140
DA:270,140
DA:271,140
DA:273,140
DA:277,2
DA:278,1
DA:281,1
DA:283,1
DA:284,0
DA:287,1
DA:288,1
DA:289,1
DA:290,1
DA:291,1
DA:293,1
DA:297,4
DA:299,4
DA:300,0
DA:303,4
LF:121
LH:91
BRDA:15,0,0,0
BRDA:19,1,0,0
BRDA:19,1,1,262
BRDA:19,2,0,262
BRDA:19,2,1,262
BRDA:23,3,0,1
BRDA:23,3,1,261
BRDA:27,4,0,0
BRDA:27,4,1,261
BRDA:28,5,0,261
BRDA:28,5,1,260
BRDA:34,6,0,0
BRDA:34,6,1,261
BRDA:35,7,0,261
BRDA:35,7,1,1
BRDA:41,8,0,1
BRDA:41,8,1,260
BRDA:41,9,0,261
BRDA:41,9,1,1
BRDA:47,10,0,2
BRDA:47,10,1,258
BRDA:47,11,0,260
BRDA:47,11,1,259
BRDA:55,12,0,704
BRDA:55,12,1,704
BRDA:59,13,0,2
BRDA:59,13,1,256
BRDA:63,14,0,256
BRDA:63,14,1,0
BRDA:70,15,0,0
BRDA:70,15,1,0
BRDA:84,16,0,1
BRDA:84,16,1,6
BRDA:88,17,0,1
BRDA:88,17,1,5
BRDA:92,18,0,1
BRDA:92,18,1,4
BRDA:96,19,0,1
BRDA:96,19,1,3
BRDA:100,20,0,1
BRDA:100,20,1,2
BRDA:106,21,0,0
BRDA:106,21,1,2
BRDA:110,22,0,2
BRDA:110,22,1,0
BRDA:118,23,0,0
BRDA:118,23,1,0
BRDA:122,24,0,0
BRDA:122,24,1,0
BRDA:129,25,0,0
BRDA:129,25,1,0
BRDA:132,26,0,0
BRDA:132,26,1,0
BRDA:142,27,0,0
BRDA:142,27,1,2
BRDA:142,28,0,2
BRDA:142,28,1,2
BRDA:146,29,0,0
BRDA:146,29,1,2
BRDA:150,30,0,0
BRDA:150,30,1,2
BRDA:154,31,0,0
BRDA:154,31,1,2
BRDA:161,32,0,2
BRDA:161,32,1,1
BRDA:161,32,2,1
BRDA:171,33,0,0
BRDA:175,34,0,0
BRDA:175,34,1,218
BRDA:175,35,0,218
BRDA:175,35,1,218
BRDA:179,36,0,1
BRDA:179,36,1,217
BRDA:183,37,0,0
BRDA:183,37,1,217
BRDA:184,38,0,217
BRDA:184,38,1,4
BRDA:184,38,2,3
BRDA:191,39,0,2
BRDA:191,39,1,215
BRDA:191,40,0,217
BRDA:191,40,1,4
BRDA:197,41,0,0
BRDA:197,41,1,215
BRDA:197,42,0,215
BRDA:197,42,1,215
BRDA:201,43,0,213
BRDA:201,43,1,2
BRDA:206,44,0,213
BRDA:206,44,1,213
BRDA:211,45,0,2
BRDA:211,45,1,2
BRDA:220,46,0,0
BRDA:222,47,0,1
BRDA:222,47,1,147
BRDA:231,48,0,0
BRDA:231,48,1,147
BRDA:247,49,0,0
BRDA:249,50,0,1
BRDA:249,50,1,140
BRDA:257,51,0,0
BRDA:257,51,1,140
BRDA:261,52,0,1
BRDA:261,52,1,139
BRDA:262,53,0,1
BRDA:262,53,1,0
BRDA:277,54,0,1
BRDA:277,54,1,1
BRDA:283,55,0,0
BRDA:283,55,1,1
BRDA:299,56,0,0
BRDA:299,56,1,4
BRDA:299,57,0,4
BRDA:299,57,1,1
BRF:114
BRH:82
end_of_record
TN:
SF:src\core\game\DevelopmentCard.ts
FN:38,createDevelopmentDeck
FN:41,(anonymous_1)
FNF:2
FNH:2
FNDA:122,createDevelopmentDeck
FNDA:610,(anonymous_1)
DA:14,12
DA:23,12
DA:30,12
DA:38,12
DA:39,122
DA:41,122
DA:42,610
DA:43,3050
DA:48,122
DA:49,2928
DA:50,2928
DA:51,2928
DA:52,2928
DA:55,122
LF:14
LH:14
BRF:0
BRH:0
end_of_record
TN:
SF:src\core\game\GameState.ts
FN:49,(anonymous_0)
FN:79,(anonymous_1)
FN:85,(anonymous_2)
FN:89,(anonymous_3)
FN:90,(anonymous_4)
FN:93,(anonymous_5)
FN:97,(anonymous_6)
FN:101,(anonymous_7)
FN:107,(anonymous_8)
FN:111,(anonymous_9)
FN:115,(anonymous_10)
FN:119,(anonymous_11)
FN:123,(anonymous_12)
FN:140,(anonymous_13)
FN:157,(anonymous_14)
FN:175,(anonymous_15)
FN:187,(anonymous_16)
FN:206,(anonymous_17)
FN:229,(anonymous_18)
FN:233,(anonymous_19)
FN:257,(anonymous_20)
FN:267,(anonymous_21)
FN:276,(anonymous_22)
FN:296,(anonymous_23)
FN:298,(anonymous_24)
FN:306,(anonymous_25)
FN:313,(anonymous_26)
FN:319,(anonymous_27)
FN:327,(anonymous_28)
FN:354,(anonymous_29)
FN:369,(anonymous_30)
FN:391,(anonymous_31)
FN:405,(anonymous_32)
FN:422,(anonymous_33)
FN:426,(anonymous_34)
FN:441,(anonymous_35)
FN:445,(anonymous_36)
FN:455,(anonymous_37)
FN:466,(anonymous_38)
FN:467,(anonymous_39)
FN:474,(anonymous_40)
FN:479,(anonymous_41)
FN:486,(anonymous_42)
FN:487,(anonymous_43)
FN:492,(anonymous_44)
FN:536,(anonymous_45)
FN:538,(anonymous_46)
FN:543,(anonymous_47)
FN:548,(anonymous_48)
FN:558,(anonymous_49)
FN:561,(anonymous_50)
FN:565,(anonymous_51)
FN:573,(anonymous_52)
FN:583,(anonymous_53)
FN:645,(anonymous_54)
FN:680,(anonymous_55)
FN:687,(anonymous_56)
FN:694,(anonymous_57)
FN:702,(anonymous_58)
FN:706,(anonymous_59)
FN:710,(anonymous_60)
FN:714,(anonymous_61)
FN:718,(anonymous_62)
FN:722,(anonymous_63)
FN:730,(anonymous_64)
FN:734,(anonymous_65)
FN:743,(anonymous_66)
FN:774,(anonymous_67)
FN:778,(anonymous_68)
FN:784,(anonymous_69)
FN:804,(anonymous_70)
FN:822,(anonymous_71)
FN:838,(anonymous_72)
FN:858,(anonymous_73)
FN:864,(anonymous_74)
FN:888,(anonymous_75)
FN:905,(anonymous_76)
FN:912,(anonymous_77)
FN:915,(anonymous_78)
FN:924,(anonymous_79)
FN:928,(anonymous_80)
FN:932,(anonymous_81)
FN:937,(anonymous_82)
FN:940,(anonymous_83)
FN:960,(anonymous_84)
FN:977,(anonymous_85)
FN:997,(anonymous_86)
FN:1009,(anonymous_87)
FN:1018,(anonymous_88)
FN:1029,(anonymous_89)
FN:1039,(anonymous_90)
FN:1043,(anonymous_91)
FN:1047,(anonymous_92)
FN:1058,(anonymous_93)
FN:1089,(anonymous_94)
FN:1099,(anonymous_95)
FN:1103,(anonymous_96)
FN:1107,(anonymous_97)
FN:1115,(anonymous_98)
FNF:99
FNH:95
FNDA:110,(anonymous_0)
FNDA:229,(anonymous_1)
FNDA:1588,(anonymous_2)
FNDA:1387,(anonymous_3)
FNDA:1910,(anonymous_4)
FNDA:161,(anonymous_5)
FNDA:9,(anonymous_6)
FNDA:2,(anonymous_7)
FNDA:33,(anonymous_8)
FNDA:763,(anonymous_9)
FNDA:13,(anonymous_10)
FNDA:4,(anonymous_11)
FNDA:261,(anonymous_12)
FNDA:1,(anonymous_13)
FNDA:144,(anonymous_14)
FNDA:214,(anonymous_15)
FNDA:137,(anonymous_16)
FNDA:5,(anonymous_17)
FNDA:6,(anonymous_18)
FNDA:1,(anonymous_19)
FNDA:2,(anonymous_20)
FNDA:552,(anonymous_21)
FNDA:1307,(anonymous_22)
FNDA:551,(anonymous_23)
FNDA:39672,(anonymous_24)
FNDA:1072,(anonymous_25)
FNDA:536,(anonymous_26)
FNDA:2157,(anonymous_27)
FNDA:2157,(anonymous_28)
FNDA:293,(anonymous_29)
FNDA:550,(anonymous_30)
FNDA:293,(anonymous_31)
FNDA:550,(anonymous_32)
FNDA:293,(anonymous_33)
FNDA:550,(anonymous_34)
FNDA:9,(anonymous_35)
FNDA:14,(anonymous_36)
FNDA:3,(anonymous_37)
FNDA:24,(anonymous_38)
FNDA:26,(anonymous_39)
FNDA:17,(anonymous_40)
FNDA:15,(anonymous_41)
FNDA:10,(anonymous_42)
FNDA:25,(anonymous_43)
FNDA:4,(anonymous_44)
FNDA:6,(anonymous_45)
FNDA:6,(anonymous_46)
FNDA:1,(anonymous_47)
FNDA:1,(anonymous_48)
FNDA:6,(anonymous_49)
FNDA:0,(anonymous_50)
FNDA:0,(anonymous_51)
FNDA:1,(anonymous_52)
FNDA:1,(anonymous_53)
FNDA:2,(anonymous_54)
FNDA:1,(anonymous_55)
FNDA:1,(anonymous_56)
FNDA:1,(anonymous_57)
FNDA:1,(anonymous_58)
FNDA:0,(anonymous_59)
FNDA:1,(anonymous_60)
FNDA:1,(anonymous_61)
FNDA:0,(anonymous_62)
FNDA:6,(anonymous_63)
FNDA:1,(anonymous_64)
FNDA:2,(anonymous_65)
FNDA:1,(anonymous_66)
FNDA:7,(anonymous_67)
FNDA:1,(anonymous_68)
FNDA:7,(anonymous_69)
FNDA:2,(anonymous_70)
FNDA:1,(anonymous_71)
FNDA:2,(anonymous_72)
FNDA:1,(anonymous_73)
FNDA:1,(anonymous_74)
FNDA:1,(anonymous_75)
FNDA:12,(anonymous_76)
FNDA:6,(anonymous_77)
FNDA:13,(anonymous_78)
FNDA:2,(anonymous_79)
FNDA:1,(anonymous_80)
FNDA:2,(anonymous_81)
FNDA:1,(anonymous_82)
FNDA:2,(anonymous_83)
FNDA:2,(anonymous_84)
FNDA:4,(anonymous_85)
FNDA:1,(anonymous_86)
FNDA:2,(anonymous_87)
FNDA:26,(anonymous_88)
FNDA:38,(anonymous_89)
FNDA:12,(anonymous_90)
FNDA:12,(anonymous_91)
FNDA:2,(anonymous_92)
FNDA:2,(anonymous_93)
FNDA:1,(anonymous_94)
FNDA:993,(anonymous_95)
FNDA:7,(anonymous_96)
FNDA:1,(anonymous_97)
FNDA:137,(anonymous_98)
DA:2,11
DA:3,11
DA:25,11
DA:50,110
DA:51,110
DA:52,110
DA:53,110
DA:54,110
DA:55,110
DA:56,110
DA:63,110
DA:64,110
DA:65,110
DA:66,110
DA:67,110
DA:68,110
DA:69,110
DA:70,110
DA:71,110
DA:72,110
DA:73,110
DA:74,110
DA:75,110
DA:76,110
DA:77,110
DA:79,110
DA:80,229
DA:81,229
DA:86,1588
DA:90,1910
DA:94,161
DA:98,9
DA:102,2
DA:103,2
DA:104,2
DA:108,33
DA:112,763
DA:116,13
DA:120,4
DA:124,261
DA:126,261
DA:131,0
DA:134,261
DA:141,1
DA:143,1
DA:148,1
DA:151,0
DA:158,144
DA:162,0
DA:165,144
DA:166,1
DA:169,143
DA:171,143
DA:172,143
DA:176,214
DA:181,0
DA:184,214
DA:188,137
DA:192,0
DA:195,137
DA:196,0
DA:199,137
DA:201,137
DA:203,137
DA:207,5
DA:208,1
DA:211,4
DA:212,1
DA:215,3
DA:216,3
DA:217,3
DA:219,3
DA:220,3
DA:222,3
DA:223,1
DA:226,3
DA:230,6
DA:234,1
DA:235,0
DA:238,1
DA:241,1
DA:242,0
DA:245,1
DA:246,1
DA:247,1
DA:248,1
DA:249,1
DA:250,1
DA:254,1
DA:258,2
DA:260,2
DA:261,2
DA:268,552
DA:270,552
DA:271,1
DA:274,551
DA:276,551
DA:277,1307
DA:278,681
DA:282,551
DA:284,551
DA:285,0
DA:288,551
DA:289,0
DA:292,551
DA:297,551
DA:298,39672
DA:301,551
DA:302,154
DA:305,397
DA:306,397
DA:307,1072
DA:308,1061
DA:310,1072
DA:313,397
DA:314,536
DA:315,536
DA:319,397
DA:320,2157
DA:321,2157
DA:324,397
DA:325,397
DA:327,397
DA:328,2157
DA:329,408
DA:332,2157
DA:333,0
DA:336,2157
DA:337,2192
DA:338,1096
DA:341,1096
DA:342,1096
DA:343,1096
DA:347,397
DA:348,1061
DA:351,397
DA:355,293
DA:356,293
DA:358,293
DA:364,293
DA:367,293
DA:369,293
DA:370,550
DA:372,550
DA:373,0
DA:374,0
DA:378,293
DA:380,293
DA:381,0
DA:382,0
DA:386,0
DA:392,293
DA:393,293
DA:395,293
DA:400,293
DA:403,293
DA:405,293
DA:406,550
DA:407,0
DA:408,0
DA:412,293
DA:414,293
DA:415,0
DA:423,293
DA:424,293
DA:426,293
DA:427,550
DA:430,293
DA:432,293
DA:437,1
DA:442,9
DA:446,14
DA:448,14
DA:449,0
DA:452,14
DA:456,3
DA:458,3
DA:459,0
DA:462,3
DA:463,3
DA:467,24
DA:468,26
DA:470,26
DA:475,17
DA:476,2
DA:479,15
DA:480,15
DA:483,15
DA:487,10
DA:488,25
DA:498,4
DA:499,1
DA:502,3
DA:503,1
DA:506,2
DA:508,2
DA:509,0
DA:512,2
DA:515,2
DA:519,2
DA:520,0
DA:523,2
DA:524,0
DA:527,2
DA:528,0
DA:531,2
DA:532,2
DA:533,2
DA:537,6
DA:538,6
DA:547,1
DA:549,1
DA:552,1
DA:553,0
DA:559,6
DA:561,6
DA:562,0
DA:565,6
DA:566,0
DA:569,6
DA:574,1
DA:588,1
DA:590,1
DA:591,0
DA:594,1
DA:595,1
DA:597,1
DA:598,0
DA:601,1
DA:605,1
DA:607,1
DA:608,1
DA:610,1
DA:611,0
DA:614,1
DA:616,1
DA:617,0
DA:622,1
DA:625,1
DA:626,0
DA:631,1
DA:632,0
DA:635,1
DA:636,0
DA:639,1
DA:640,1
DA:641,1
DA:642,1
DA:651,2
DA:652,2
DA:654,2
DA:655,0
DA:658,2
DA:659,0
DA:662,2
DA:663,0
DA:666,2
DA:667,1
DA:670,1
DA:671,0
DA:674,1
DA:675,1
DA:676,1
DA:677,1
DA:681,1
DA:688,1
DA:695,1
DA:703,1
DA:707,0
DA:711,1
DA:715,1
DA:719,0
DA:723,6
DA:724,1
DA:727,5
DA:731,1
DA:735,2
DA:744,1
DA:745,0
DA:748,1
DA:750,1
DA:751,0
DA:754,1
DA:756,1
DA:757,0
DA:760,1
DA:761,1
DA:767,1
DA:768,1
DA:771,1
DA:775,7
DA:779,1
DA:780,1
DA:785,7
DA:787,7
DA:793,1
DA:797,6
DA:798,3
DA:801,3
DA:805,2
DA:806,0
DA:809,2
DA:811,2
DA:812,0
DA:815,2
DA:816,2
DA:817,2
DA:818,2
DA:819,2
DA:823,1
DA:824,0
DA:827,1
DA:829,1
DA:830,0
DA:833,1
DA:834,1
DA:836,1
DA:838,1
DA:839,2
DA:840,1
DA:843,1
DA:845,1
DA:846,1
DA:847,1
DA:851,1
DA:852,1
DA:855,1
DA:859,1
DA:860,0
DA:863,1
DA:864,1
DA:868,1
DA:869,0
DA:872,1
DA:873,0
DA:876,1
DA:878,1
DA:879,0
DA:882,1
DA:883,1
DA:884,1
DA:885,1
DA:889,1
DA:890,0
DA:893,1
DA:895,1
DA:896,0
DA:899,1
DA:900,1
DA:902,1
DA:906,12
DA:913,6
DA:915,6
DA:916,13
DA:918,13
DA:919,6
DA:925,2
DA:929,1
DA:933,2
DA:938,1
DA:940,1
DA:941,2
DA:943,2
DA:944,1
DA:947,1
DA:951,1
DA:952,1
DA:953,1
DA:956,1
DA:964,2
DA:966,2
DA:967,0
DA:970,2
DA:972,2
DA:973,0
DA:976,2
DA:977,4
DA:981,2
DA:982,0
DA:985,2
DA:986,0
DA:989,2
DA:990,2
DA:991,2
DA:993,2
DA:998,1
DA:999,1
DA:1010,2
DA:1011,2
DA:1013,2
DA:1014,0
DA:1017,2
DA:1018,26
DA:1021,2
DA:1026,0
DA:1029,2
DA:1030,38
DA:1033,2
DA:1035,2
DA:1040,12
DA:1044,12
DA:1048,2
DA:1049,2
DA:1052,2
DA:1054,2
DA:1059,2
DA:1061,2
DA:1062,2
DA:1064,2
DA:1069,2
DA:1070,2
DA:1072,2
DA:1073,2
DA:1074,2
DA:1075,2
DA:1079,2
DA:1083,2
DA:1085,2
DA:1090,1
DA:1092,1
DA:1096,1
DA:1100,993
DA:1104,7
DA:1108,1
DA:1109,0
DA:1112,1
DA:1116,137
DA:1117,0
DA:1120,137
DA:1121,69
DA:1122,30
DA:1123,30
DA:1124,30
DA:1125,30
DA:1128,39
DA:1129,39
DA:1130,39
DA:1131,39
DA:1134,68
DA:1135,68
DA:1136,30
DA:1137,30
DA:1138,30
DA:1139,30
DA:1142,38
DA:1143,38
DA:1144,38
DA:1145,38
DA:1146,38
DA:1147,38
LF:450
LH:388
BRDA:49,0,0,6
BRDA:120,1,0,4
BRDA:120,1,1,0
BRDA:126,2,0,0
BRDA:126,2,1,261
BRDA:127,3,0,261
BRDA:127,3,1,261
BRDA:127,3,2,261
BRDA:135,4,0,261
BRDA:135,4,1,261
BRDA:135,5,0,261
BRDA:135,5,1,0
BRDA:143,6,0,1
BRDA:143,6,1,0
BRDA:144,7,0,1
BRDA:144,7,1,1
BRDA:144,7,2,0
BRDA:152,8,0,0
BRDA:152,8,1,0
BRDA:152,9,0,0
BRDA:152,9,1,0
BRDA:158,10,0,0
BRDA:158,10,1,144
BRDA:159,11,0,144
BRDA:159,11,1,144
BRDA:165,12,0,1
BRDA:165,12,1,143
BRDA:170,13,0,143
BRDA:170,13,1,0
BRDA:176,14,0,0
BRDA:176,14,1,214
BRDA:177,15,0,214
BRDA:177,15,1,214
BRDA:177,15,2,214
BRDA:188,16,0,0
BRDA:188,16,1,137
BRDA:189,17,0,137
BRDA:189,17,1,137
BRDA:195,18,0,0
BRDA:195,18,1,137
BRDA:200,19,0,137
BRDA:200,19,1,0
BRDA:207,20,0,1
BRDA:207,20,1,4
BRDA:211,21,0,1
BRDA:211,21,1,3
BRDA:220,22,0,1
BRDA:220,22,1,2
BRDA:222,23,0,1
BRDA:222,23,1,2
BRDA:234,24,0,0
BRDA:234,24,1,1
BRDA:241,25,0,0
BRDA:241,25,1,1
BRDA:261,26,0,2
BRDA:261,26,1,0
BRDA:270,27,0,1
BRDA:270,27,1,551
BRDA:277,28,0,681
BRDA:277,28,1,626
BRDA:278,29,0,1
BRDA:278,29,1,680
BRDA:284,30,0,0
BRDA:284,30,1,551
BRDA:288,31,0,0
BRDA:288,31,1,551
BRDA:301,32,0,154
BRDA:301,32,1,397
BRDA:307,33,0,1061
BRDA:307,33,1,11
BRDA:321,34,0,2157
BRDA:321,34,1,1088
BRDA:328,35,0,408
BRDA:328,35,1,1749
BRDA:332,36,0,0
BRDA:332,36,1,2157
BRDA:336,37,0,2157
BRDA:336,37,1,0
BRDA:337,38,0,1096
BRDA:337,38,1,1096
BRDA:358,39,0,0
BRDA:358,39,1,293
BRDA:364,40,0,0
BRDA:364,40,1,293
BRDA:364,41,0,293
BRDA:364,41,1,0
BRDA:367,42,0,0
BRDA:367,42,1,293
BRDA:372,43,0,0
BRDA:372,43,1,550
BRDA:372,44,0,550
BRDA:372,44,1,0
BRDA:380,45,0,0
BRDA:380,45,1,293
BRDA:381,46,0,0
BRDA:381,46,1,0
BRDA:383,47,0,0
BRDA:383,47,1,0
BRDA:395,48,0,0
BRDA:395,48,1,293
BRDA:396,49,0,0
BRDA:396,49,1,0
BRDA:400,50,0,0
BRDA:400,50,1,293
BRDA:400,51,0,293
BRDA:400,51,1,0
BRDA:403,52,0,0
BRDA:403,52,1,293
BRDA:406,53,0,0
BRDA:406,53,1,550
BRDA:406,54,0,550
BRDA:406,54,1,0
BRDA:414,55,0,0
BRDA:414,55,1,293
BRDA:414,56,0,293
BRDA:414,56,1,0
BRDA:416,57,0,0
BRDA:416,57,1,0
BRDA:432,58,0,1
BRDA:432,58,1,292
BRDA:433,59,0,293
BRDA:433,59,1,293
BRDA:433,59,2,293
BRDA:448,60,0,0
BRDA:448,60,1,14
BRDA:458,61,0,0
BRDA:458,61,1,3
BRDA:468,62,0,26
BRDA:468,62,1,0
BRDA:475,63,0,2
BRDA:475,63,1,15
BRDA:480,64,0,15
BRDA:480,64,1,0
BRDA:488,65,0,25
BRDA:488,65,1,0
BRDA:496,66,0,2
BRDA:498,67,0,1
BRDA:498,67,1,3
BRDA:502,68,0,1
BRDA:502,68,1,2
BRDA:502,69,0,3
BRDA:502,69,1,3
BRDA:508,70,0,0
BRDA:508,70,1,2
BRDA:519,71,0,0
BRDA:519,71,1,2
BRDA:523,72,0,0
BRDA:523,72,1,2
BRDA:527,73,0,0
BRDA:527,73,1,2
BRDA:538,74,0,6
BRDA:538,74,1,0
BRDA:549,75,0,1
BRDA:549,75,1,1
BRDA:549,76,0,1
BRDA:549,76,1,0
BRDA:549,77,0,1
BRDA:549,77,1,1
BRDA:552,78,0,0
BRDA:552,78,1,1
BRDA:561,79,0,0
BRDA:561,79,1,6
BRDA:565,80,0,0
BRDA:565,80,1,6
BRDA:590,81,0,0
BRDA:590,81,1,1
BRDA:597,82,0,0
BRDA:597,82,1,1
BRDA:597,83,0,1
BRDA:597,83,1,1
BRDA:608,84,0,1
BRDA:608,84,1,0
BRDA:610,85,0,0
BRDA:610,85,1,1
BRDA:616,86,0,0
BRDA:616,86,1,1
BRDA:625,87,0,0
BRDA:625,87,1,1
BRDA:631,88,0,0
BRDA:631,88,1,1
BRDA:635,89,0,0
BRDA:635,89,1,1
BRDA:654,90,0,0
BRDA:654,90,1,2
BRDA:654,91,0,2
BRDA:654,91,1,2
BRDA:658,92,0,0
BRDA:658,92,1,2
BRDA:662,93,0,0
BRDA:662,93,1,2
BRDA:666,94,0,1
BRDA:666,94,1,1
BRDA:670,95,0,0
BRDA:670,95,1,1
BRDA:682,96,0,1
BRDA:682,96,1,1
BRDA:689,97,0,1
BRDA:689,97,1,1
BRDA:696,98,0,1
BRDA:696,98,1,1
BRDA:723,99,0,1
BRDA:723,99,1,5
BRDA:736,100,0,2
BRDA:736,100,1,2
BRDA:736,100,2,2
BRDA:736,100,3,2
BRDA:744,101,0,0
BRDA:744,101,1,1
BRDA:750,102,0,0
BRDA:750,102,1,1
BRDA:756,103,0,0
BRDA:756,103,1,1
BRDA:767,104,0,1
BRDA:767,104,1,0
BRDA:779,105,0,1
BRDA:779,105,1,0
BRDA:787,106,0,1
BRDA:787,106,1,6
BRDA:788,107,0,7
BRDA:788,107,1,7
BRDA:788,107,2,7
BRDA:788,107,3,7
BRDA:797,108,0,3
BRDA:797,108,1,3
BRDA:798,109,0,3
BRDA:798,109,1,0
BRDA:805,110,0,0
BRDA:805,110,1,2
BRDA:811,111,0,0
BRDA:811,111,1,2
BRDA:823,112,0,0
BRDA:823,112,1,1
BRDA:829,113,0,0
BRDA:829,113,1,1
BRDA:839,114,0,1
BRDA:839,114,1,1
BRDA:845,115,0,1
BRDA:845,115,1,0
BRDA:851,116,0,1
BRDA:851,116,1,0
BRDA:859,117,0,0
BRDA:859,117,1,1
BRDA:864,118,0,1
BRDA:864,118,1,0
BRDA:868,119,0,0
BRDA:868,119,1,1
BRDA:868,120,0,1
BRDA:868,120,1,1
BRDA:872,121,0,0
BRDA:872,121,1,1
BRDA:878,122,0,0
BRDA:878,122,1,1
BRDA:889,123,0,0
BRDA:889,123,1,1
BRDA:895,124,0,0
BRDA:895,124,1,1
BRDA:918,125,0,6
BRDA:918,125,1,7
BRDA:925,126,0,2
BRDA:925,126,1,1
BRDA:943,127,0,1
BRDA:943,127,1,1
BRDA:943,128,0,2
BRDA:943,128,1,2
BRDA:966,129,0,0
BRDA:966,129,1,2
BRDA:972,130,0,0
BRDA:972,130,1,2
BRDA:977,131,0,4
BRDA:977,131,1,0
BRDA:981,132,0,0
BRDA:981,132,1,2
BRDA:985,133,0,0
BRDA:985,133,1,2
BRDA:998,134,0,1
BRDA:998,134,1,0
BRDA:998,135,0,1
BRDA:998,135,1,1
BRDA:1013,136,0,0
BRDA:1013,136,1,2
BRDA:1013,137,0,2
BRDA:1013,137,1,2
BRDA:1021,138,0,0
BRDA:1021,138,1,2
BRDA:1022,139,0,2
BRDA:1022,139,1,2
BRDA:1022,139,2,0
BRDA:1040,140,0,12
BRDA:1040,140,1,6
BRDA:1044,141,0,12
BRDA:1044,141,1,6
BRDA:1049,142,0,2
BRDA:1049,142,1,2
BRDA:1064,143,0,2
BRDA:1064,143,1,0
BRDA:1065,144,0,2
BRDA:1065,144,1,2
BRDA:1065,144,2,2
BRDA:1070,145,0,2
BRDA:1070,145,1,0
BRDA:1072,146,0,2
BRDA:1072,146,1,0
BRDA:1072,147,0,2
BRDA:1072,147,1,2
BRDA:1083,148,0,0
BRDA:1083,148,1,2
BRDA:1092,149,0,1
BRDA:1092,149,1,0
BRDA:1108,150,0,0
BRDA:1108,150,1,1
BRDA:1112,151,0,1
BRDA:1112,151,1,0
BRDA:1116,152,0,0
BRDA:1116,152,1,137
BRDA:1120,153,0,69
BRDA:1120,153,1,68
BRDA:1121,154,0,30
BRDA:1121,154,1,39
BRDA:1134,155,0,68
BRDA:1134,155,1,0
BRDA:1135,156,0,30
BRDA:1135,156,1,38
BRF:322
BRH:214
end_of_record
TN:
SF:src\core\game\Player.ts
FN:19,createInitialPieceInventory
FN:37,(anonymous_1)
FN:56,(anonymous_2)
FN:58,(anonymous_3)
FN:64,(anonymous_4)
FN:68,(anonymous_5)
FN:78,(anonymous_6)
FN:98,(anonymous_7)
FN:100,(anonymous_8)
FN:108,(anonymous_9)
FN:114,(anonymous_10)
FN:121,(anonymous_11)
FN:125,(anonymous_12)
FN:134,(anonymous_13)
FN:141,(anonymous_14)
FN:143,(anonymous_15)
FN:148,(anonymous_16)
FN:150,(anonymous_17)
FN:155,(anonymous_18)
FN:157,(anonymous_19)
FN:168,(anonymous_20)
FN:172,(anonymous_21)
FN:176,(anonymous_22)
FN:180,(anonymous_23)
FN:188,(anonymous_24)
FN:196,(anonymous_25)
FN:204,(anonymous_26)
FN:208,(anonymous_27)
FN:220,(anonymous_28)
FN:223,(anonymous_29)
FNF:30
FNH:30
FNDA:272,createInitialPieceInventory
FNDA:272,(anonymous_1)
FNDA:75,(anonymous_2)
FNDA:246,(anonymous_3)
FNDA:13,(anonymous_4)
FNDA:27,(anonymous_5)
FNDA:2,(anonymous_6)
FNDA:44,(anonymous_7)
FNDA:114,(anonymous_8)
FNDA:15,(anonymous_9)
FNDA:28,(anonymous_10)
FNDA:26,(anonymous_11)
FNDA:1,(anonymous_12)
FNDA:3,(anonymous_13)
FNDA:552,(anonymous_14)
FNDA:20,(anonymous_15)
FNDA:10,(anonymous_16)
FNDA:12,(anonymous_17)
FNDA:7,(anonymous_18)
FNDA:6,(anonymous_19)
FNDA:393,(anonymous_20)
FNDA:686,(anonymous_21)
FNDA:11,(anonymous_22)
FNDA:172,(anonymous_23)
FNDA:155,(anonymous_24)
FNDA:7,(anonymous_25)
FNDA:2,(anonymous_26)
FNDA:4,(anonymous_27)
FNDA:13,(anonymous_28)
FNDA:65,(anonymous_29)
DA:5,14
DA:19,14
DA:20,272
DA:27,14
DA:46,272
DA:47,272
DA:48,272
DA:49,272
DA:50,272
DA:51,272
DA:52,272
DA:53,272
DA:57,75
DA:59,246
DA:65,13
DA:69,27
DA:79,2
DA:80,2
DA:82,2
DA:83,9
DA:85,9
DA:86,0
DA:89,9
DA:90,9
DA:92,9
DA:95,2
DA:99,44
DA:101,114
DA:103,114
DA:109,15
DA:110,2
DA:113,13
DA:115,28
DA:122,26
DA:126,1
DA:134,1
DA:135,3
DA:138,1
DA:142,552
DA:143,20
DA:149,10
DA:150,12
DA:156,7
DA:157,6
DA:160,7
DA:161,1
DA:164,6
DA:165,6
DA:169,393
DA:173,686
DA:177,11
DA:181,172
DA:182,1
DA:185,171
DA:189,155
DA:190,1
DA:193,154
DA:197,7
DA:198,1
DA:201,6
DA:205,2
DA:209,4
DA:211,4
DA:212,1
DA:215,3
DA:217,3
DA:222,13
DA:223,65
DA:225,13
DA:226,1
DA:229,12
DA:231,12
LF:72
LH:71
BRDA:40,0,0,239
BRDA:41,1,0,272
BRDA:42,2,0,272
BRDA:43,3,0,272
BRDA:44,4,0,272
BRDA:59,5,0,246
BRDA:59,5,1,0
BRDA:64,6,0,0
BRDA:82,7,0,11
BRDA:82,7,1,9
BRDA:85,8,0,0
BRDA:85,8,1,9
BRDA:91,9,0,9
BRDA:91,9,1,5
BRDA:101,10,0,114
BRDA:101,10,1,0
BRDA:109,11,0,2
BRDA:109,11,1,13
BRDA:115,12,0,28
BRDA:115,12,1,0
BRDA:150,13,0,12
BRDA:150,13,1,9
BRDA:157,14,0,6
BRDA:157,14,1,6
BRDA:160,15,0,1
BRDA:160,15,1,6
BRDA:181,16,0,1
BRDA:181,16,1,171
BRDA:189,17,0,1
BRDA:189,17,1,154
BRDA:197,18,0,1
BRDA:197,18,1,6
BRDA:211,19,0,1
BRDA:211,19,1,3
BRDA:225,20,0,1
BRDA:225,20,1,12
BRF:36
BRH:31
end_of_record
TN:
SF:src\core\game\ResourceDistributionService.ts
FN:20,(anonymous_0)
FN:22,(anonymous_1)
FN:31,(anonymous_2)
FN:51,(anonymous_3)
FN:60,(anonymous_4)
FN:61,(anonymous_5)
FN:66,(anonymous_6)
FN:74,(anonymous_7)
FN:84,(anonymous_8)
FN:95,(anonymous_9)
FN:120,(anonymous_10)
FN:124,(anonymous_11)
FN:134,(anonymous_12)
FN:141,(anonymous_13)
FN:145,(anonymous_14)
FN:163,(anonymous_15)
FN:169,(anonymous_16)
FN:185,(anonymous_17)
FNF:18
FNH:11
FNDA:8,(anonymous_0)
FNDA:4,(anonymous_1)
FNDA:57,(anonymous_2)
FNDA:2,(anonymous_3)
FNDA:19,(anonymous_4)
FNDA:2,(anonymous_5)
FNDA:0,(anonymous_6)
FNDA:0,(anonymous_7)
FNDA:2,(anonymous_8)
FNDA:12,(anonymous_9)
FNDA:1,(anonymous_10)
FNDA:0,(anonymous_11)
FNDA:0,(anonymous_12)
FNDA:1,(anonymous_13)
FNDA:0,(anonymous_14)
FNDA:0,(anonymous_15)
FNDA:0,(anonymous_16)
FNDA:59,(anonymous_17)
DA:4,3
DA:19,3
DA:20,8
DA:23,4
DA:25,4
DA:26,1
DA:29,3
DA:31,3
DA:32,57
DA:34,57
DA:35,3
DA:38,54
DA:39,45
DA:42,9
DA:43,9
DA:44,9
DA:48,3
DA:52,2
DA:54,2
DA:55,1
DA:56,1
DA:59,1
DA:60,19
DA:61,2
DA:64,1
DA:66,1
DA:67,0
DA:72,1
DA:75,0
DA:80,1
DA:81,1
DA:87,2
DA:89,2
DA:90,0
DA:93,2
DA:95,2
DA:96,12
DA:98,12
DA:99,12
DA:102,0
DA:104,0
DA:105,0
DA:108,0
DA:110,0
DA:117,2
DA:123,1
DA:125,0
DA:128,0
DA:133,1
DA:135,0
DA:145,1
DA:146,0
DA:148,0
DA:149,0
DA:152,0
DA:155,0
DA:158,0
DA:159,0
DA:169,0
DA:171,0
DA:172,0
DA:174,0
DA:177,0
DA:186,59
LF:64
LH:41
BRDA:25,0,0,1
BRDA:25,0,1,3
BRDA:34,1,0,3
BRDA:34,1,1,54
BRDA:34,2,0,57
BRDA:34,2,1,54
BRDA:38,3,0,45
BRDA:38,3,1,9
BRDA:42,4,0,9
BRDA:42,4,1,0
BRDA:54,5,0,1
BRDA:54,5,1,1
BRDA:60,6,0,19
BRDA:60,6,1,2
BRDA:89,7,0,0
BRDA:89,7,1,2
BRDA:98,8,0,12
BRDA:98,8,1,0
BRDA:104,9,0,0
BRDA:104,9,1,0
BRDA:108,10,0,0
BRDA:108,10,1,0
BRDA:126,11,0,0
BRDA:126,11,1,0
BRDA:136,12,0,0
BRDA:136,12,1,0
BRDA:148,13,0,0
BRDA:148,13,1,0
BRDA:152,14,0,0
BRDA:152,14,1,0
BRDA:171,15,0,0
BRDA:171,15,1,0
BRDA:173,16,0,0
BRDA:173,16,1,0
BRF:34
BRH:15
end_of_record
TN:
SF:src\core\game\ResourceInventory.ts
FN:5,createEmptyResourceInventory
FN:15,cloneResourceInventory
FNF:2
FNH:2
FNDA:272,createEmptyResourceInventory
FNDA:272,cloneResourceInventory
DA:5,14
DA:6,272
DA:15,14
DA:18,272
LF:4
LH:4
BRF:0
BRH:0
end_of_record
TN:
SF:src\core\game\ResourceNames.ts
FN:19,getResourceName
FN:23,getResourceColor
FNF:2
FNH:2
FNDA:2,getResourceName
FNDA:27,getResourceColor
DA:3,6
DA:11,6
DA:19,6
DA:20,2
DA:23,6
DA:24,27
LF:6
LH:6
BRDA:20,0,0,2
BRDA:20,0,1,1
BRDA:24,1,0,27
BRDA:24,1,1,1
BRF:4
BRH:4
end_of_record
TN:
SF:src\core\game\TradeService.ts
FN:5,totalResourceCount
FN:7,(anonymous_1)
FN:18,shouldBotAcceptTrade
FN:39,(anonymous_3)
FNF:4
FNH:4
FNDA:18,totalResourceCount
FNDA:18,(anonymous_1)
FNDA:9,shouldBotAcceptTrade
FNDA:2,(anonymous_3)
DA:6,18
DA:7,18
DA:18,2
DA:23,9
DA:24,9
DA:26,9
DA:27,2
DA:30,7
DA:31,2
DA:34,5
DA:35,3
DA:38,2
DA:40,2
LF:13
LH:13
BRDA:7,0,0,18
BRDA:7,0,1,0
BRDA:26,1,0,2
BRDA:26,1,1,7
BRDA:26,2,0,9
BRDA:26,2,1,8
BRDA:30,3,0,2
BRDA:30,3,1,5
BRDA:34,4,0,3
BRDA:34,4,1,2
BRDA:40,5,0,2
BRDA:40,5,1,2
BRDA:40,6,0,2
BRDA:40,6,1,0
BRF:14
BRH:12
end_of_record
TN:
SF:src\render\BoardRenderer.ts
FN:47,(anonymous_0)
FN:54,(anonymous_1)
FN:55,(anonymous_2)
FN:62,(anonymous_3)
FN:63,(anonymous_4)
FN:70,(anonymous_5)
FN:166,(anonymous_6)
FN:211,(anonymous_7)
FN:265,(anonymous_8)
FN:269,(anonymous_9)
FN:331,(anonymous_10)
FN:332,(anonymous_11)
FN:348,(anonymous_12)
FN:367,(anonymous_13)
FN:368,(anonymous_14)
FN:374,(anonymous_15)
FN:383,(anonymous_16)
FNF:17
FNH:17
FNDA:6,(anonymous_0)
FNDA:6,(anonymous_1)
FNDA:36,(anonymous_2)
FNDA:6,(anonymous_3)
FNDA:36,(anonymous_4)
FNDA:95,(anonymous_5)
FNDA:360,(anonymous_6)
FNDA:270,(anonymous_7)
FNDA:5,(anonymous_8)
FNDA:45,(anonymous_9)
FNDA:5,(anonymous_10)
FNDA:59,(anonymous_11)
FNDA:95,(anonymous_12)
FNDA:5,(anonymous_13)
FNDA:95,(anonymous_14)
FNDA:360,(anonymous_15)
FNDA:270,(anonymous_16)
DA:3,2
DA:4,2
DA:16,2
DA:19,6
DA:20,6
DA:22,6
DA:29,6
DA:38,6
DA:48,6
DA:49,6
DA:50,6
DA:51,6
DA:55,6
DA:56,36
DA:57,36
DA:58,36
DA:63,6
DA:64,36
DA:65,36
DA:66,36
DA:71,95
DA:72,95
DA:74,95
DA:75,95
DA:77,95
DA:78,95
DA:79,570
DA:80,570
DA:81,570
DA:83,570
DA:84,95
DA:86,475
DA:89,95
DA:91,95
DA:92,0
DA:93,0
DA:95,0
DA:96,0
DA:104,0
DA:106,95
DA:107,95
DA:110,95
DA:111,95
DA:112,95
DA:114,95
DA:116,95
DA:117,0
DA:118,0
DA:119,0
DA:123,95
DA:124,90
DA:126,90
DA:127,90
DA:128,90
DA:129,90
DA:130,90
DA:131,90
DA:132,90
DA:135,90
DA:136,90
DA:137,90
DA:138,90
DA:139,90
DA:140,90
DA:141,90
DA:142,90
DA:143,90
DA:144,90
DA:145,90
DA:146,90
DA:148,90
DA:149,90
DA:150,90
DA:151,90
DA:152,90
DA:153,90
DA:156,90
DA:157,90
DA:158,90
DA:159,90
DA:160,90
DA:161,90
DA:172,360
DA:174,360
DA:175,0
DA:178,360
DA:179,360
DA:181,360
DA:182,0
DA:185,360
DA:186,360
DA:188,360
DA:192,360
DA:193,360
DA:194,360
DA:195,360
DA:196,360
DA:197,360
DA:199,360
DA:200,360
DA:205,360
DA:206,360
DA:207,360
DA:208,360
DA:217,270
DA:219,270
DA:220,0
DA:223,270
DA:224,270
DA:225,270
DA:226,270
DA:227,270
DA:229,270
DA:230,270
DA:231,270
DA:233,270
DA:237,270
DA:238,269
DA:241,1
DA:242,1
DA:248,1
DA:249,1
DA:250,1
DA:251,1
DA:252,1
DA:254,1
DA:255,0
DA:256,0
DA:257,0
DA:258,0
DA:259,0
DA:260,0
DA:261,0
DA:266,5
DA:267,5
DA:269,5
DA:270,45
DA:271,45
DA:273,45
DA:274,0
DA:277,45
DA:278,45
DA:279,45
DA:280,45
DA:281,45
DA:282,45
DA:285,45
DA:286,45
DA:287,45
DA:288,45
DA:289,45
DA:290,45
DA:291,45
DA:292,45
DA:295,45
DA:299,45
DA:300,45
DA:301,45
DA:302,45
DA:303,45
DA:304,45
DA:305,45
DA:307,45
DA:308,45
DA:309,45
DA:310,45
DA:311,45
DA:314,45
DA:315,25
DA:317,25
DA:318,0
DA:319,0
DA:332,59
DA:334,5
DA:335,0
DA:338,5
DA:339,5
DA:340,5
DA:342,5
DA:343,5
DA:344,5
DA:345,5
DA:349,95
DA:351,15
DA:353,20
DA:355,20
DA:357,20
DA:359,15
DA:361,5
DA:363,0
DA:368,5
DA:369,95
DA:372,5
DA:374,5
DA:375,360
DA:383,5
DA:384,270
DA:392,5
LF:198
LH:175
BRDA:83,0,0,95
BRDA:83,0,1,475
BRDA:91,1,0,0
BRDA:91,1,1,95
BRDA:91,2,0,95
BRDA:91,2,1,95
BRDA:116,3,0,0
BRDA:116,3,1,95
BRDA:123,4,0,90
BRDA:123,4,1,5
BRDA:123,5,0,95
BRDA:123,5,1,95
BRDA:124,6,0,90
BRDA:124,6,1,90
BRDA:126,7,0,90
BRDA:126,7,1,0
BRDA:148,8,0,90
BRDA:148,8,1,80
BRDA:149,9,0,20
BRDA:149,9,1,70
BRDA:174,10,0,0
BRDA:174,10,1,360
BRDA:181,11,0,0
BRDA:181,11,1,360
BRDA:181,12,0,360
BRDA:181,12,1,360
BRDA:188,13,0,360
BRDA:188,13,1,0
BRDA:190,14,0,0
BRDA:190,14,1,0
BRDA:197,15,0,360
BRDA:197,15,1,0
BRDA:197,15,2,0
BRDA:199,16,0,0
BRDA:199,16,1,360
BRDA:199,17,0,0
BRDA:199,17,1,360
BRDA:200,18,0,0
BRDA:200,18,1,360
BRDA:202,19,0,0
BRDA:202,19,1,360
BRDA:206,20,0,0
BRDA:206,20,1,360
BRDA:219,21,0,0
BRDA:219,21,1,270
BRDA:229,22,0,270
BRDA:229,22,1,0
BRDA:229,23,0,0
BRDA:229,23,1,0
BRDA:233,24,0,270
BRDA:233,24,1,270
BRDA:233,24,2,0
BRDA:233,24,3,0
BRDA:237,25,0,269
BRDA:237,25,1,1
BRDA:237,26,0,270
BRDA:237,26,1,270
BRDA:237,26,2,270
BRDA:242,27,0,1
BRDA:242,27,1,0
BRDA:244,28,0,0
BRDA:244,28,1,0
BRDA:246,29,0,0
BRDA:246,29,1,0
BRDA:249,30,0,1
BRDA:249,30,1,0
BRDA:249,31,0,1
BRDA:249,31,1,0
BRDA:250,32,0,0
BRDA:250,32,1,1
BRDA:254,33,0,0
BRDA:254,33,1,1
BRDA:254,34,0,1
BRDA:254,34,1,0
BRDA:273,35,0,0
BRDA:273,35,1,45
BRDA:273,36,0,45
BRDA:273,36,1,45
BRDA:279,37,0,45
BRDA:279,37,1,0
BRDA:295,38,0,20
BRDA:295,38,1,25
BRDA:314,39,0,25
BRDA:314,39,1,20
BRDA:317,40,0,0
BRDA:317,40,1,25
BRDA:317,41,0,25
BRDA:317,41,1,0
BRDA:334,42,0,0
BRDA:334,42,1,5
BRDA:349,43,0,15
BRDA:349,43,1,20
BRDA:349,43,2,20
BRDA:349,43,3,20
BRDA:349,43,4,15
BRDA:349,43,5,5
BRDA:349,43,6,0
BRDA:367,44,0,0
BRF:98
BRH:60
end_of_record
